YELLOW/************ Load Summary Start ************/RESET
RED	- Build ErrorsRESET
GREEN		- Validations RESET
			No Build_errors Errors for type Validations !RESET
GREEN		- DataTypes RESET
			No Build_errors Errors for type DataTypes !RESET
GREEN		- Attributes RESET
RED			-  Attributes 	internmatch:QQQ_QUESTION_GROUP_BUTTON_CANCEL_RESET_SUBMITAttribute DataType: DTT_SUBMIT_RESET_CANCEL_BUTTON does not exist in internmatch! Attribute: QQQ_QUESTION_GROUP_BUTTON_CANCEL_RESET_SUBMITRESET
RED			-  Attributes 	internmatch:QQQ_QUESTION_GROUP_BUTTON_EMAIL_CLOSEAttribute DataType: DTT_SUBMIT_CANCEL_BUTTON does not exist in internmatch! Attribute: QQQ_QUESTION_GROUP_BUTTON_EMAIL_CLOSERESET
RED			-  Attributes 	internmatch:PRI_TEXT_HEADERAttribute DataType: DTT_TEXT_HEADER does not exist in internmatch! Attribute: PRI_TEXT_HEADERRESET
RED			-  Attributes 	internmatch:PRI_JOURNAL_LEARNING_OUTCOMES_HEADERAttribute DataType: DTT_HTMLAREA_HEADER does not exist in internmatch! Attribute: PRI_JOURNAL_LEARNING_OUTCOMES_HEADERRESET
RED			-  Attributes 	internmatch:PRI_EVENT_JOURNAL_DOWNLOAD_HEADERAttribute DataType: DTT_EVENT_DOWNLOAD_JOURNAL_HEADER does not exist in internmatch! Attribute: PRI_EVENT_JOURNAL_DOWNLOAD_HEADERRESET
RED			-  Attributes 	internmatch:QQQ_QUESTION_GROUP_CARD_LEFTAttribute DataType: DTT_CARD_LEFT_GRP does not exist in internmatch! Attribute: QQQ_QUESTION_GROUP_CARD_LEFTRESET
RED			-  Attributes 	internmatch:PRI_MOBILE_HEADERAttribute DataType: DTT_MOBILE_HEADER does not exist in internmatch! Attribute: PRI_MOBILE_HEADERRESET
RED			-  Attributes 	internmatch:QQQ_QUESTION_GROUP_BUTTON_CANCEL_SUBMITAttribute DataType: DTT_SUBMIT_CANCEL_BUTTON does not exist in internmatch! Attribute: QQQ_QUESTION_GROUP_BUTTON_CANCEL_SUBMITRESET
RED			-  Attributes 	internmatch:QQQ_QUESTION_GROUP_CARD_CENTREAttribute DataType: DTT_CARD_CENTRE_GRP does not exist in internmatch! Attribute: QQQ_QUESTION_GROUP_CARD_CENTRERESET
RED			-  Attributes 	internmatch:QQQ_QUESTION_GROUP_CARD_CONTENTAttribute DataType: DTT_CARD_CONTENT_GRP does not exist in internmatch! Attribute: QQQ_QUESTION_GROUP_CARD_CONTENTRESET
RED			-  Attributes 	internmatch:PRI_EVENT_APPLY_HEADERAttribute DataType: DTT_EVENT_APPLY_HEADER does not exist in internmatch! Attribute: PRI_EVENT_APPLY_HEADERRESET
RED			-  Attributes 	internmatch:PRI_JOURNAL_HOURS_HEADERAttribute DataType: DTT_DOUBLE_HEADER does not exist in internmatch! Attribute: PRI_JOURNAL_HOURS_HEADERRESET
RED			-  Attributes 	internmatch:QQQ_QUESTION_GROUP_CARD_RIGHTAttribute DataType: DTT_CARD_RIGHT_GRP does not exist in internmatch! Attribute: QQQ_QUESTION_GROUP_CARD_RIGHTRESET
RED			-  Attributes 	internmatch:BTN_ANSWER_BUTTONAttribute DataType: DTT_ANS_BUTTON does not exist in internmatch! Attribute: BTN_ANSWER_BUTTONRESET
RED			-  Attributes 	internmatch:PRI_VOICE_RECORDAttribute DataType: DTT_VOICE_RECORD does not exist in internmatch! Attribute: PRI_VOICE_RECORDRESET
RED			-  Attributes 	internmatch:PRI_EVENT_VIEW_JOURNAL_HEADERAttribute DataType: DTT_EVENT_VIEW_JOURNAL_HEADER does not exist in internmatch! Attribute: PRI_EVENT_VIEW_JOURNAL_HEADERRESET
RED			-  Attributes 	internmatch:PRI_EMAIL_HEADERAttribute DataType: DTT_EMAIL_HEADER does not exist in internmatch! Attribute: PRI_EMAIL_HEADERRESET
RED			-  Attributes 	internmatch:PRI_STATUS_HEADERAttribute DataType: DTT_TEXT_STATUS_HEADER does not exist in internmatch! Attribute: PRI_STATUS_HEADERRESET
RED			-  Attributes 	internmatch:PRI_JOURNAL_DATE_HEADERAttribute DataType: DTT_PAST_DATE_HEADER does not exist in internmatch! Attribute: PRI_JOURNAL_DATE_HEADERRESET
RED			-  Attributes 	internmatch:QQQ_QUESTION_GROUP_BUTTON_PREVIOUS_SUBMITAttribute DataType: DTT_PREVIOUS_SUBMIT_BUTTON does not exist in internmatch! Attribute: QQQ_QUESTION_GROUP_BUTTON_PREVIOUS_SUBMITRESET
RED			-  Attributes 	internmatch:PRI_ADDRESS_FULL_HEADERAttribute DataType: DTT_ADDRESS_HEADER does not exist in internmatch! Attribute: PRI_ADDRESS_FULL_HEADERRESET
RED			-  Attributes 	internmatch:PRI_LANDLINE_HEADERAttribute DataType: DTT_LANDLINE_HEADER does not exist in internmatch! Attribute: PRI_LANDLINE_HEADERRESET
RED			-  Attributes 	internmatch:QQQ_QUESTION_GROUP_BUTTON_CANCEL_NEXTAttribute DataType: DTT_CANCEL_NEXT_BUTTON does not exist in internmatch! Attribute: QQQ_QUESTION_GROUP_BUTTON_CANCEL_NEXTRESET
RED			-  Attributes 	internmatch:PRI_EVENT_JOURNAL_VIEW_HEADERAttribute DataType: DTT_EVENT_VIEW_JOURNAL_HEADER does not exist in internmatch! Attribute: PRI_EVENT_JOURNAL_VIEW_HEADERRESET
RED			-  Attributes 	internmatch:QQQ_QUESTION_GROUP_CARD_STATUSAttribute DataType: DTT_CARD_STATUS_GRP does not exist in internmatch! Attribute: QQQ_QUESTION_GROUP_CARD_STATUSRESET
RED			-  Attributes 	internmatch:PRI_EVENT_VIEW_HEADERAttribute DataType: DTT_EVENT_VIEW_HEADER does not exist in internmatch! Attribute: PRI_EVENT_VIEW_HEADERRESET
RED			-  Attributes 	internmatch:PRI_START_DATE_HEADERAttribute DataType: DTT_PAST_DATE_HEADER does not exist in internmatch! Attribute: PRI_START_DATE_HEADERRESET
RED			-  Attributes 	internmatch:QQQ_QUESTION_GROUP_CARD_BOTTOMAttribute DataType: DTT_CARD_BOTTOM_GRP does not exist in internmatch! Attribute: QQQ_QUESTION_GROUP_CARD_BOTTOMRESET
RED			-  Attributes 	internmatch:PRI_JOURNAL_TASKS_HEADERAttribute DataType: DTT_HTMLAREA_HEADER does not exist in internmatch! Attribute: PRI_JOURNAL_TASKS_HEADERRESET
RED			-  Attributes 	internmatch:QQQ_QUESTION_GROUP_BUTTON_PREVIOUS_NEXTAttribute DataType: DTT_PREVIOUS_NEXT_BUTTON does not exist in internmatch! Attribute: QQQ_QUESTION_GROUP_BUTTON_PREVIOUS_NEXTRESET
RED			-  Attributes 	internmatch:QQQ_QUESTION_GROUP_BUTTON_CANCEL_CONFIRMAttribute DataType: DTT_SUBMIT_CANCEL_BUTTON does not exist in internmatch! Attribute: QQQ_QUESTION_GROUP_BUTTON_CANCEL_CONFIRMRESET
RED			-  Attributes 	internmatch:PRI_PHONE_HEADERAttribute DataType: DTT_PHONE_HEADER does not exist in internmatch! Attribute: PRI_PHONE_HEADERRESET
RED			-  Attributes 	internmatch:QQQ_QUESTION_GROUP_BUTTON_PRINT_CLOSEAttribute DataType: DTT_SUBMIT_CANCEL_BUTTON does not exist in internmatch! Attribute: QQQ_QUESTION_GROUP_BUTTON_PRINT_CLOSERESET
RED			-  Attributes 	internmatch:QQQ_QUESTION_GROUP_BUTTON_YES_NOAttribute DataType: DTT_YES_NO_BUTTON does not exist in internmatch! Attribute: QQQ_QUESTION_GROUP_BUTTON_YES_NORESET
RED			-  Attributes 	internmatch:QQQ_QUESTION_GROUP_CARD_MAINAttribute DataType: DTT_CARD_MAIN_GRP does not exist in internmatch! Attribute: QQQ_QUESTION_GROUP_CARD_MAINRESET
RED			-  Attributes 	internmatch:QQQ_QUESTION_GROUP_BUTTON_ACCEPT_DECLINEAttribute DataType: DTT_ACCEPT_DECLINE_BUTTON does not exist in internmatch! Attribute: QQQ_QUESTION_GROUP_BUTTON_ACCEPT_DECLINERESET
RED			-  Attributes 	internmatch:PRI_STAR_RATING_HEADERAttribute DataType: DTT_DOUBLE_STAR_RATING_HEADER does not exist in internmatch! Attribute: PRI_STAR_RATING_HEADERRESET
RED			-  Attributes 	internmatch:PRI_VERIFICATION_CODEAttribute DataType: DTT_CODE_VERIFICATION does not exist in internmatch! Attribute: PRI_VERIFICATION_CODERESET
GREEN		- BaseEntities RESET
			No Build_errors Errors for type BaseEntities !RESET
GREEN		- DEF_BaseEntityAttributes RESET
RED			-  DEF_BaseEntityAttributes 	internmatch:DEF_ADDRESS:ATT_PRI_TIME_ZONEMissing Base Attribute: PRI_TIME_ZONE for entity attribute: DEF_ADDRESS:ATT_PRI_TIME_ZONE in product: internmatchRESET
RED			-  DEF_BaseEntityAttributes 	internmatch:DEF_AGENT:ATT_PRI_PROGRESS_AGENT_PROFILEMissing Base Attribute: PRI_PROGRESS_AGENT_PROFILE for entity attribute: DEF_AGENT:ATT_PRI_PROGRESS_AGENT_PROFILE in product: internmatchRESET
RED			-  DEF_BaseEntityAttributes 	internmatch:DEF_HOST_CPY_STAFF:ATT_PRI_IS_HOST_CPY_STAFFMissing Base Attribute: PRI_IS_HOST_CPY_STAFF for entity attribute: DEF_HOST_CPY_STAFF:ATT_PRI_IS_HOST_CPY_STAFF in product: internmatchRESET
RED			-  DEF_BaseEntityAttributes 	internmatch:DEF_HOST_CPY_REP:ATT_PRI_IS_DELETEDMissing Base Attribute: PRI_IS_DELETED for entity attribute: DEF_HOST_CPY_REP:ATT_PRI_IS_DELETED in product: internmatchRESET
RED			-  DEF_BaseEntityAttributes 	internmatch:DEF_APPLICATION:ATT_PRI_TRANSPORTMissing Base Attribute: PRI_TRANSPORT for entity attribute: DEF_APPLICATION:ATT_PRI_TRANSPORT in product: internmatchRESET
RED			-  DEF_BaseEntityAttributes 	internmatch:DEF_ROOM:ATT_LNK_LEVELMissing Base Attribute: LNK_LEVEL for entity attribute: DEF_ROOM:ATT_LNK_LEVEL in product: internmatchRESET
RED			-  DEF_BaseEntityAttributes 	internmatch:DEF_APPLICATION:ATT_PRI_INTERN_CODEMissing Base Attribute: PRI_INTERN_CODE for entity attribute: DEF_APPLICATION:ATT_PRI_INTERN_CODE in product: internmatchRESET
RED			-  DEF_BaseEntityAttributes 	internmatch:DEF_LIFT:ATT_LNK_CURRENT_LEVELMissing Base Attribute: LNK_CURRENT_LEVEL for entity attribute: DEF_LIFT:ATT_LNK_CURRENT_LEVEL in product: internmatchRESET
RED			-  DEF_BaseEntityAttributes 	internmatch:DEF_LEVEL:ATT_LNK_BUILDINGMissing Base Attribute: LNK_BUILDING for entity attribute: DEF_LEVEL:ATT_LNK_BUILDING in product: internmatchRESET
RED			-  DEF_BaseEntityAttributes 	internmatch:DEF_APPLICATION:ATT_PRI_ASSOC_SUPERMissing Base Attribute: PRI_ASSOC_SUPER for entity attribute: DEF_APPLICATION:ATT_PRI_ASSOC_SUPER in product: internmatchRESET
RED			-  DEF_BaseEntityAttributes 	internmatch:DEF_HOST_CPY:ATT_PRI_VALIDATIONMissing Base Attribute: PRI_VALIDATION for entity attribute: DEF_HOST_CPY:ATT_PRI_VALIDATION in product: internmatchRESET
RED			-  DEF_BaseEntityAttributes 	internmatch:DEF_PROGRAM_PROVIDER:DFT_PRI_IS_PROGRAM_PROVIDERMissing Base Attribute: PRI_IS_PROGRAM_PROVIDER for entity attribute: DEF_PROGRAM_PROVIDER:DFT_PRI_IS_PROGRAM_PROVIDER in product: internmatchRESET
RED			-  DEF_BaseEntityAttributes 	internmatch:DEF_HOST_CPY_STAFF:DFT_PRI_IS_HOST_CPY_STAFFMissing Base Attribute: PRI_IS_HOST_CPY_STAFF for entity attribute: DEF_HOST_CPY_STAFF:DFT_PRI_IS_HOST_CPY_STAFF in product: internmatchRESET
RED			-  DEF_BaseEntityAttributes 	internmatch:DEF_ROOM:ATT_LNK_BUILDINGMissing Base Attribute: LNK_BUILDING for entity attribute: DEF_ROOM:ATT_LNK_BUILDING in product: internmatchRESET
RED			-  DEF_BaseEntityAttributes 	internmatch:DEF_INTERN:ATT_PRI_IS_DELETEDMissing Base Attribute: PRI_IS_DELETED for entity attribute: DEF_INTERN:ATT_PRI_IS_DELETED in product: internmatchRESET
RED			-  DEF_BaseEntityAttributes 	internmatch:DEF_PROJECT:ATT_LAST_IMPORTMissing Base Attribute: LAST_IMPORT for entity attribute: DEF_PROJECT:ATT_LAST_IMPORT in product: internmatchRESET
RED			-  DEF_BaseEntityAttributes 	internmatch:DEF_COMPANY:ATT_PRI_BUSINESS_HOURSMissing Base Attribute: PRI_BUSINESS_HOURS for entity attribute: DEF_COMPANY:ATT_PRI_BUSINESS_HOURS in product: internmatchRESET
RED			-  DEF_BaseEntityAttributes 	internmatch:DEF_INTERN:ATT_LNK_BATCHMissing Base Attribute: LNK_BATCH for entity attribute: DEF_INTERN:ATT_LNK_BATCH in product: internmatchRESET
RED			-  DEF_BaseEntityAttributes 	internmatch:DEF_HOST_CPY_REP:ATT_LNK_INTERNSHIPSMissing Base Attribute: LNK_INTERNSHIPS for entity attribute: DEF_HOST_CPY_REP:ATT_LNK_INTERNSHIPS in product: internmatchRESET
RED			-  DEF_BaseEntityAttributes 	internmatch:DEF_HOST_CPY:DFT_PRI_VALIDATIONMissing Base Attribute: PRI_VALIDATION for entity attribute: DEF_HOST_CPY:DFT_PRI_VALIDATION in product: internmatchRESET
RED			-  DEF_BaseEntityAttributes 	internmatch:DEF_ESCAPE:ATT_LNK_EMERGENCY_PLANMissing Base Attribute: LNK_EMERGENCY_PLAN for entity attribute: DEF_ESCAPE:ATT_LNK_EMERGENCY_PLAN in product: internmatchRESET
RED			-  DEF_BaseEntityAttributes 	internmatch:DEF_APPLICATION:ATT_LNK_INTERNMissing Base Attribute: LNK_INTERN for entity attribute: DEF_APPLICATION:ATT_LNK_INTERN in product: internmatchRESET
RED			-  DEF_BaseEntityAttributes 	internmatch:DEF_APPLICATION:ATT_PRI_BUSINESS_HOURSMissing Base Attribute: PRI_BUSINESS_HOURS for entity attribute: DEF_APPLICATION:ATT_PRI_BUSINESS_HOURS in product: internmatchRESET
RED			-  DEF_BaseEntityAttributes 	internmatch:DEF_JOURNAL:ATT_LNK_INTERNMissing Base Attribute: LNK_INTERN for entity attribute: DEF_JOURNAL:ATT_LNK_INTERN in product: internmatchRESET
RED			-  DEF_BaseEntityAttributes 	internmatch:DEF_BUCKET_PAGE:SER_LNK_INTERNMissing Base Attribute: LNK_INTERN for entity attribute: DEF_BUCKET_PAGE:SER_LNK_INTERN in product: internmatchRESET
RED			-  DEF_BaseEntityAttributes 	internmatch:DEF_HOST_CPY:ATT_QQQ_QUESTION_GROUP_BUTTON_CANCEL_SUBMITMissing Base Attribute: QQQ_QUESTION_GROUP_BUTTON_CANCEL_SUBMIT for entity attribute: DEF_HOST_CPY:ATT_QQQ_QUESTION_GROUP_BUTTON_CANCEL_SUBMIT in product: internmatchRESET
RED			-  DEF_BaseEntityAttributes 	internmatch:DEF_BUCKET_PAGE:ATT_LNK_INTERNMissing Base Attribute: LNK_INTERN for entity attribute: DEF_BUCKET_PAGE:ATT_LNK_INTERN in product: internmatchRESET
RED			-  DEF_BaseEntityAttributes 	internmatch:DEF_INTERN:ATT__LNK_CURRENT_SOFTWARE__PRI_NAMEMissing Base Attribute: _LNK_CURRENT_SOFTWARE__PRI_NAME for entity attribute: DEF_INTERN:ATT__LNK_CURRENT_SOFTWARE__PRI_NAME in product: internmatchRESET
RED			-  DEF_BaseEntityAttributes 	internmatch:DEF_APPLICATION:ATT_PRI_ASSOC_WORKSITEMissing Base Attribute: PRI_ASSOC_WORKSITE for entity attribute: DEF_APPLICATION:ATT_PRI_ASSOC_WORKSITE in product: internmatchRESET
RED			-  DEF_BaseEntityAttributes 	internmatch:DEF_AGREEMENT_DOCUMENT:ATT_PRI_HCR_SIGNATURE_URLMissing Base Attribute: PRI_HCR_SIGNATURE_URL for entity attribute: DEF_AGREEMENT_DOCUMENT:ATT_PRI_HCR_SIGNATURE_URL in product: internmatchRESET
RED			-  DEF_BaseEntityAttributes 	internmatch:DEF_PROGRAM_PROVIDER:ATT_PRI_IS_PROGRAM_PROVIDERMissing Base Attribute: PRI_IS_PROGRAM_PROVIDER for entity attribute: DEF_PROGRAM_PROVIDER:ATT_PRI_IS_PROGRAM_PROVIDER in product: internmatchRESET
RED			-  DEF_BaseEntityAttributes 	internmatch:DEF_INTERN:ATT_PRI_TRANSPORTMissing Base Attribute: PRI_TRANSPORT for entity attribute: DEF_INTERN:ATT_PRI_TRANSPORT in product: internmatchRESET
RED			-  DEF_BaseEntityAttributes 	internmatch:DEF_INTERN:ATT_LNK_APPLICATIONSMissing Base Attribute: LNK_APPLICATIONS for entity attribute: DEF_INTERN:ATT_LNK_APPLICATIONS in product: internmatchRESET
RED			-  DEF_BaseEntityAttributes 	internmatch:DEF_APPLICATION:ATT_PRI_AGENT_IMAGEMissing Base Attribute: PRI_AGENT_IMAGE for entity attribute: DEF_APPLICATION:ATT_PRI_AGENT_IMAGE in product: internmatchRESET
RED			-  DEF_BaseEntityAttributes 	internmatch:DEF_EDU_PRO_REP:SER_LNK_EDU_PRO_REPMissing Base Attribute: LNK_EDU_PRO_REP for entity attribute: DEF_EDU_PRO_REP:SER_LNK_EDU_PRO_REP in product: internmatchRESET
RED			-  DEF_BaseEntityAttributes 	internmatch:DEF_HOST_CPY:ATT_LNK_INTERNSHIPSMissing Base Attribute: LNK_INTERNSHIPS for entity attribute: DEF_HOST_CPY:ATT_LNK_INTERNSHIPS in product: internmatchRESET
RED			-  DEF_BaseEntityAttributes 	internmatch:DEF_INTERNSHIP:ATT_PRI_TIME_ZONEMissing Base Attribute: PRI_TIME_ZONE for entity attribute: DEF_INTERNSHIP:ATT_PRI_TIME_ZONE in product: internmatchRESET
RED			-  DEF_BaseEntityAttributes 	internmatch:DEF_HOST_CPY:ATT_DOC_OHS_CODEMissing Base Attribute: DOC_OHS_CODE for entity attribute: DEF_HOST_CPY:ATT_DOC_OHS_CODE in product: internmatchRESET
RED			-  DEF_BaseEntityAttributes 	internmatch:DEF_HOST_CPY_STAFF:ATT_PRI_IS_DELETEDMissing Base Attribute: PRI_IS_DELETED for entity attribute: DEF_HOST_CPY_STAFF:ATT_PRI_IS_DELETED in product: internmatchRESET
RED			-  DEF_BaseEntityAttributes 	internmatch:DEF_LIFT:ATT_LNK_BUILDINGMissing Base Attribute: LNK_BUILDING for entity attribute: DEF_LIFT:ATT_LNK_BUILDING in product: internmatchRESET
RED			-  DEF_BaseEntityAttributes 	internmatch:DEF_INTERNSHIP:ATT_PRI_BUSINESS_HOURSMissing Base Attribute: PRI_BUSINESS_HOURS for entity attribute: DEF_INTERNSHIP:ATT_PRI_BUSINESS_HOURS in product: internmatchRESET
RED			-  DEF_BaseEntityAttributes 	internmatch:DEF_INTERNSHIP:ATT_LNK_APPLICATIONSMissing Base Attribute: LNK_APPLICATIONS for entity attribute: DEF_INTERNSHIP:ATT_LNK_APPLICATIONS in product: internmatchRESET
GREEN		- BaseEntityAttributes RESET
RED			-  BaseEntityAttributes 	internmatch:TST_COMMS:TST_ALIAS3_ALIASMissing Attribute: TST_ALIAS3_ALIAS for entity attribute: TST_COMMS:TST_ALIAS3_ALIAS in product: internmatchRESET
RED			-  BaseEntityAttributes 	internmatch:SEL_INDUSTRY_HEALTHCARE_MEDICAL:PRI_NAMENo Persisted BaseEntity found for code: SEL_INDUSTRY_HEALTHCARE_MEDICAL in product internmatchRESET
RED			-  BaseEntityAttributes 	internmatch:CPY_Pass_Global:PRI_NAMENo Persisted BaseEntity found for code: CPY_Pass_Global in product internmatchRESET
RED			-  BaseEntityAttributes 	internmatch:SEL_NFT’S:LNK_PARENTNo Persisted BaseEntity found for code: SEL_NFT’S in product internmatchRESET
RED			-  BaseEntityAttributes 	internmatch:CPY_Charlton_Brown:PRI_STATUSNo Persisted BaseEntity found for code: CPY_Charlton_Brown in product internmatchRESET
RED			-  BaseEntityAttributes 	internmatch:SEL_INDUSTRY_MANUFACTURING_TRANSPORT_LOGISTICS:PRI_NAMENo Persisted BaseEntity found for code: SEL_INDUSTRY_MANUFACTURING_TRANSPORT_LOGISTICS in product internmatchRESET
RED			-  BaseEntityAttributes 	internmatch:CPY_UniAdel:PRI_IS_EDU_PROVIDERNo Persisted BaseEntity found for code: CPY_UniAdel in product internmatchRESET
RED			-  BaseEntityAttributes 	internmatch:CPY_Golf_Institute:PRI_NAMENo Persisted BaseEntity found for code: CPY_Golf_Institute in product internmatchRESET
RED			-  BaseEntityAttributes 	internmatch:SEL_INDUSTRY_COMMUNITY_SERVICES_DEVELOPMENTS:PRI_NAMENo Persisted BaseEntity found for code: SEL_INDUSTRY_COMMUNITY_SERVICES_DEVELOPMENTS in product internmatchRESET
RED			-  BaseEntityAttributes 	internmatch:CPY_Pass_Global:PRI_STATUSNo Persisted BaseEntity found for code: CPY_Pass_Global in product internmatchRESET
RED			-  BaseEntityAttributes 	internmatch:TST_COMMS:TST_ALIAS1_CODEMissing Attribute: TST_ALIAS1_CODE for entity attribute: TST_COMMS:TST_ALIAS1_CODE in product: internmatchRESET
RED			-  BaseEntityAttributes 	internmatch:CPY_South_Pacific:PRI_NAMENo Persisted BaseEntity found for code: CPY_South_Pacific in product internmatchRESET
RED			-  BaseEntityAttributes 	internmatch:CPY_Loka_Enterprises:PRI_NAMENo Persisted BaseEntity found for code: CPY_Loka_Enterprises in product internmatchRESET
RED			-  BaseEntityAttributes 	internmatch:CPY_South_Pacific:PRI_IS_EDU_PROVIDERNo Persisted BaseEntity found for code: CPY_South_Pacific in product internmatchRESET
RED			-  BaseEntityAttributes 	internmatch:CPY_Captain_Cook:PRI_STATUSNo Persisted BaseEntity found for code: CPY_Captain_Cook in product internmatchRESET
RED			-  BaseEntityAttributes 	internmatch:SEL_INDUSTRY_DESIGN_ARCHITECTURE:PRI_NAMENo Persisted BaseEntity found for code: SEL_INDUSTRY_DESIGN_ARCHITECTURE in product internmatchRESET
RED			-  BaseEntityAttributes 	internmatch:CPY_Charlton_Brown:PRI_NAMENo Persisted BaseEntity found for code: CPY_Charlton_Brown in product internmatchRESET
RED			-  BaseEntityAttributes 	internmatch:SEL_INDUSTRY_BANKING_FINANCIAL_SERVICES:PRI_NAMENo Persisted BaseEntity found for code: SEL_INDUSTRY_BANKING_FINANCIAL_SERVICES in product internmatchRESET
RED			-  BaseEntityAttributes 	internmatch:TST_COMMS:TST_ALIAS1_ALIASMissing Attribute: TST_ALIAS1_ALIAS for entity attribute: TST_COMMS:TST_ALIAS1_ALIAS in product: internmatchRESET
RED			-  BaseEntityAttributes 	internmatch:SEL_POKÉMON_CARDS_/_GO:LNK_PARENTNo Persisted BaseEntity found for code: SEL_POKÉMON_CARDS_/_GO in product internmatchRESET
RED			-  BaseEntityAttributes 	internmatch:CPY_South_Pacific:PRI_STATUSNo Persisted BaseEntity found for code: CPY_South_Pacific in product internmatchRESET
RED			-  BaseEntityAttributes 	internmatch:PRJ_INTERNMATCH:ENV_SERVICE_TOKENMissing Attribute: ENV_SERVICE_TOKEN for entity attribute: PRJ_INTERNMATCH:ENV_SERVICE_TOKEN in product: internmatchRESET
RED			-  BaseEntityAttributes 	internmatch:CPY_Loka_Enterprises:PRI_IS_EDU_PROVIDERNo Persisted BaseEntity found for code: CPY_Loka_Enterprises in product internmatchRESET
RED			-  BaseEntityAttributes 	internmatch:GRP_RESULT_EDUCATION_PROVIDER_REP:PRI_IMAGE_URLNo Persisted BaseEntity found for code: GRP_RESULT_EDUCATION_PROVIDER_REP in product internmatchRESET
RED			-  BaseEntityAttributes 	internmatch:TST_COMMS:TST_ALIAS3_CODEMissing Attribute: TST_ALIAS3_CODE for entity attribute: TST_COMMS:TST_ALIAS3_CODE in product: internmatchRESET
RED			-  BaseEntityAttributes 	internmatch:CPY_Impact_Training:PRI_STATUSNo Persisted BaseEntity found for code: CPY_Impact_Training in product internmatchRESET
RED			-  BaseEntityAttributes 	internmatch:TST_COMMS:TST_EMAILMissing Attribute: TST_EMAIL for entity attribute: TST_COMMS:TST_EMAIL in product: internmatchRESET
RED			-  BaseEntityAttributes 	internmatch:SEL_INDUSTRY_HUMAN_RESOURCES_RECRUITMENTS:PRI_NAMENo Persisted BaseEntity found for code: SEL_INDUSTRY_HUMAN_RESOURCES_RECRUITMENTS in product internmatchRESET
RED			-  BaseEntityAttributes 	internmatch:PRJ_INTERNMATCH:ENV_GOOGLE_TIMEZONE_APIKEYMissing Attribute: ENV_GOOGLE_TIMEZONE_APIKEY for entity attribute: PRJ_INTERNMATCH:ENV_GOOGLE_TIMEZONE_APIKEY in product: internmatchRESET
RED			-  BaseEntityAttributes 	internmatch:CPY_Golf_Institute:PRI_STATUSNo Persisted BaseEntity found for code: CPY_Golf_Institute in product internmatchRESET
RED			-  BaseEntityAttributes 	internmatch:SEL_INDUSTRY_ADVERTISING_ARTS_MEDIA:PRI_NAMENo Persisted BaseEntity found for code: SEL_INDUSTRY_ADVERTISING_ARTS_MEDIA in product internmatchRESET
RED			-  BaseEntityAttributes 	internmatch:TST_COMMS:TST_SMSMissing Attribute: TST_SMS for entity attribute: TST_COMMS:TST_SMS in product: internmatchRESET
RED			-  BaseEntityAttributes 	internmatch:CPY_Loka_Enterprises:PRI_STATUSNo Persisted BaseEntity found for code: CPY_Loka_Enterprises in product internmatchRESET
RED			-  BaseEntityAttributes 	internmatch:CPY_UniAdel:PRI_STATUSNo Persisted BaseEntity found for code: CPY_UniAdel in product internmatchRESET
RED			-  BaseEntityAttributes 	internmatch:PRJ_INTERNMATCH:ENV_SHEET_IDMissing Attribute: ENV_SHEET_ID for entity attribute: PRJ_INTERNMATCH:ENV_SHEET_ID in product: internmatchRESET
RED			-  BaseEntityAttributes 	internmatch:SEL_INDUSTRY_LEGAL:PRI_NAMENo Persisted BaseEntity found for code: SEL_INDUSTRY_LEGAL in product internmatchRESET
RED			-  BaseEntityAttributes 	internmatch:SAM_TEST_1:FLD_1Missing Attribute: FLD_1 for entity attribute: SAM_TEST_1:FLD_1 in product: internmatchRESET
RED			-  BaseEntityAttributes 	internmatch:PCM_CONTACTS:PRI_LOC5No Persisted BaseEntity found for code: PCM_CONTACTS in product internmatchRESET
RED			-  BaseEntityAttributes 	internmatch:PCM_CONTACTS:PRI_LOC4No Persisted BaseEntity found for code: PCM_CONTACTS in product internmatchRESET
RED			-  BaseEntityAttributes 	internmatch:PCM_CONTACTS:PRI_LOC1No Persisted BaseEntity found for code: PCM_CONTACTS in product internmatchRESET
RED			-  BaseEntityAttributes 	internmatch:PCM_CONTACTS:PRI_LOC3No Persisted BaseEntity found for code: PCM_CONTACTS in product internmatchRESET
RED			-  BaseEntityAttributes 	internmatch:PCM_CONTACTS:PRI_LOC2No Persisted BaseEntity found for code: PCM_CONTACTS in product internmatchRESET
RED			-  BaseEntityAttributes 	internmatch:CPY_Captain_Cook:PRI_IS_EDU_PROVIDERNo Persisted BaseEntity found for code: CPY_Captain_Cook in product internmatchRESET
RED			-  BaseEntityAttributes 	internmatch:CPY_Golf_Institute:PRI_IS_EDU_PROVIDERNo Persisted BaseEntity found for code: CPY_Golf_Institute in product internmatchRESET
RED			-  BaseEntityAttributes 	internmatch:SEL_INDUSTRY_HOSPITALITY_TOURISM:PRI_NAMENo Persisted BaseEntity found for code: SEL_INDUSTRY_HOSPITALITY_TOURISM in product internmatchRESET
RED			-  BaseEntityAttributes 	internmatch:SEL_INDUSTRY_INFORMATION_COMMUNICATION_TECHNOLOGY:PRI_NAMENo Persisted BaseEntity found for code: SEL_INDUSTRY_INFORMATION_COMMUNICATION_TECHNOLOGY in product internmatchRESET
RED			-  BaseEntityAttributes 	internmatch:TST_COMMS:TST_ALIAS2_CODEMissing Attribute: TST_ALIAS2_CODE for entity attribute: TST_COMMS:TST_ALIAS2_CODE in product: internmatchRESET
RED			-  BaseEntityAttributes 	internmatch:PRJ_INTERNMATCH:ENV_URL_LISTMissing Attribute: ENV_URL_LIST for entity attribute: PRJ_INTERNMATCH:ENV_URL_LIST in product: internmatchRESET
RED			-  BaseEntityAttributes 	internmatch:SEL_INDUSTRY_RETAIL_CONSUMER_PRODUCT:PRI_NAMENo Persisted BaseEntity found for code: SEL_INDUSTRY_RETAIL_CONSUMER_PRODUCT in product internmatchRESET
RED			-  BaseEntityAttributes 	internmatch:SEL_INDUSTRY_MARKETING_COMMUNICATIONS:PRI_NAMENo Persisted BaseEntity found for code: SEL_INDUSTRY_MARKETING_COMMUNICATIONS in product internmatchRESET
RED			-  BaseEntityAttributes 	internmatch:TST_COMMS:TST_ALIAS2_ALIASMissing Attribute: TST_ALIAS2_ALIAS for entity attribute: TST_COMMS:TST_ALIAS2_ALIAS in product: internmatchRESET
RED			-  BaseEntityAttributes 	internmatch:SEL_INDUSTRY_SCIENCE_TECHNOLOGY:PRI_NAMENo Persisted BaseEntity found for code: SEL_INDUSTRY_SCIENCE_TECHNOLOGY in product internmatchRESET
RED			-  BaseEntityAttributes 	internmatch:CPY_Impact_Training:PRI_NAMENo Persisted BaseEntity found for code: CPY_Impact_Training in product internmatchRESET
RED			-  BaseEntityAttributes 	internmatch:SEL_INDUSTRY_BUSINESS_ADMIN:PRI_NAMENo Persisted BaseEntity found for code: SEL_INDUSTRY_BUSINESS_ADMIN in product internmatchRESET
RED			-  BaseEntityAttributes 	internmatch:TST_COMMS:TST_TEMPLATE_CODEMissing Attribute: TST_TEMPLATE_CODE for entity attribute: TST_COMMS:TST_TEMPLATE_CODE in product: internmatchRESET
RED			-  BaseEntityAttributes 	internmatch:CPY_Charlton_Brown:PRI_IS_EDU_PROVIDERNo Persisted BaseEntity found for code: CPY_Charlton_Brown in product internmatchRESET
RED			-  BaseEntityAttributes 	internmatch:CPY_Impact_Training:PRI_IS_EDU_PROVIDERNo Persisted BaseEntity found for code: CPY_Impact_Training in product internmatchRESET
RED			-  BaseEntityAttributes 	internmatch:CPY_Captain_Cook:PRI_NAMENo Persisted BaseEntity found for code: CPY_Captain_Cook in product internmatchRESET
RED			-  BaseEntityAttributes 	internmatch:PCM_CONTACTS:PRI_TEMPLATE_CODENo Persisted BaseEntity found for code: PCM_CONTACTS in product internmatchRESET
RED			-  BaseEntityAttributes 	internmatch:GRP_DJP_AGREE:PRI_NAMENo Persisted BaseEntity found for code: GRP_DJP_AGREE in product internmatchRESET
RED			-  BaseEntityAttributes 	internmatch:GRP_RESULT_HOST_COMPANY_REP:PRI_IMAGE_URLNo Persisted BaseEntity found for code: GRP_RESULT_HOST_COMPANY_REP in product internmatchRESET
RED			-  BaseEntityAttributes 	internmatch:CPY_Pass_Global:PRI_IS_EDU_PROVIDERNo Persisted BaseEntity found for code: CPY_Pass_Global in product internmatchRESET
GREEN		- Linking Entities RESET
			No Build_errors Errors for type Linking Entities !RESET
GREEN		- Questions RESET
RED			-  Questions 	internmatch:QUE_ADD_EDU_PROVIDER_STAFF_GRPAttribute: QQQ_QUESTION_GROUP_BUTTON_CANCEL_SUBMIT cannot be found in product internmatchRESET
RED			-  Questions 	internmatch:QUE_SELLER_GRPAttribute: QQQ_QUESTION_GROUP_BUTTON_CANCEL_SUBMIT cannot be found in product internmatchRESET
RED			-  Questions 	internmatch:QUE_TEST_COMMS_ALIAS3_CODEAttribute: TST_ALIAS3_CODE cannot be found in product internmatchRESET
RED			-  Questions 	internmatch:QUE_ADD_NEW_INTERNSHIP_TEMPLATEAttribute: QQQ_QUESTION_GROUP_BUTTON_CANCEL_SUBMIT cannot be found in product internmatchRESET
RED			-  Questions 	internmatch:QUE_EDIT_SELLER_PROFILE_GRPAttribute: QQQ_QUESTION_GROUP_BUTTON_CANCEL_SUBMIT cannot be found in product internmatchRESET
RED			-  Questions 	internmatch:QUE_INTERNSHIP_ADDITIONAL_GRPAttribute: QQQ_QUESTION_GROUP_BUTTON_CANCEL_SUBMIT cannot be found in product internmatchRESET
RED			-  Questions 	internmatch:QUE_INTERN_EMAILAttribute: INTERN.PRI_EMAIL cannot be found in product internmatchRESET
RED			-  Questions 	internmatch:QUE_ADD_PROGRAM_PROVIDERAttribute: EVT_ADD_PROGRAM_PROVIDER cannot be found in product internmatchRESET
RED			-  Questions 	internmatch:QUE_TEST_COMMS_ALIAS2_ALIASAttribute: TST_ALIAS2_ALIAS cannot be found in product internmatchRESET
RED			-  Questions 	internmatch:QUE_EDIT_STAFF_GRPAttribute: QQQ_QUESTION_GROUP_BUTTON_CANCEL_SUBMIT cannot be found in product internmatchRESET
RED			-  Questions 	internmatch:QUE_INTERNSHIP_AGREEMENT_CONFIRMATION_DEFAULT_GRPAttribute: QQQ_QUESTION_GROUP_BUTTON_CANCEL_SUBMIT cannot be found in product internmatchRESET
RED			-  Questions 	internmatch:QUE_EDIT_INTERNSHIP_TEMPLATE_AGENT_GRPAttribute: QQQ_QUESTION_GROUP_BUTTON_CANCEL_SUBMIT cannot be found in product internmatchRESET
RED			-  Questions 	internmatch:QUE_ATMC_AGREEMENT_INTERN_GRPAttribute: QQQ_QUESTION_GROUP_BUTTON_CANCEL_SUBMIT cannot be found in product internmatchRESET
RED			-  Questions 	internmatch:QUE_TEST_COMMS_ALIAS2_CODEAttribute: TST_ALIAS2_CODE cannot be found in product internmatchRESET
RED			-  Questions 	internmatch:QUE_ADD_SELLER_COMPANY_GRPAttribute: QQQ_QUESTION_GROUP_BUTTON_CANCEL_SUBMIT cannot be found in product internmatchRESET
RED			-  Questions 	internmatch:QUE_EDIT_SELLER_COMPANY_GRPAttribute: QQQ_QUESTION_GROUP_BUTTON_CANCEL_SUBMIT cannot be found in product internmatchRESET
RED			-  Questions 	internmatch:QUE_EDIT_EDU_PROVIDER_GRPAttribute: QQQ_QUESTION_GROUP_BUTTON_CANCEL_SUBMIT cannot be found in product internmatchRESET
RED			-  Questions 	internmatch:QUE_DEFAULT_HOST_CPY_REP_SIGNATUREAttribute: PRI_HOST_CPY_REP_AGREEMENT_SIGNATURE cannot be found in product internmatchRESET
RED			-  Questions 	internmatch:QUE_CARD_INTERN_HOST_COMPANYAttribute: CPY.PRI_NAME cannot be found in product internmatchRESET
RED			-  Questions 	internmatch:QUE_DEFAULT_INTERN_SIGNATUREAttribute: PRI_INTERN_AGREEMENT_SIGNATURE cannot be found in product internmatchRESET
RED			-  Questions 	internmatch:QUE_TEST_COMMS_SMSAttribute: TST_SMS cannot be found in product internmatchRESET
RED			-  Questions 	internmatch:QUE_ADD_INTERNSHIP_TEMPLATE_AGENT_GRPAttribute: QQQ_QUESTION_GROUP_BUTTON_CANCEL_SUBMIT cannot be found in product internmatchRESET
RED			-  Questions 	internmatch:QUE_AGENCIESAttribute: QQQ_QUESTION_GROUP_BUTTON_CANCEL_SUBMIT cannot be found in product internmatchRESET
RED			-  Questions 	internmatch:QUE_SUPERVISOR_NAMEAttribute: SUPERVISOR.PRI_NAME cannot be found in product internmatchRESET
RED			-  Questions 	internmatch:QUE_TRAINING_PLAN_EDU_REP_SIGNATURE_ATMCAttribute: PRI_EDU_REP_AGREEMENT_SIGNATURE cannot be found in product internmatchRESET
RED			-  Questions 	internmatch:QUE_INTERNSHIP_AGREEMENT_CONFIRMATION_ATMC_GRPAttribute: QQQ_QUESTION_GROUP_BUTTON_CANCEL_SUBMIT cannot be found in product internmatchRESET
RED			-  Questions 	internmatch:QUE_TEST_COMMS_ALIAS1_CODEAttribute: TST_ALIAS1_CODE cannot be found in product internmatchRESET
RED			-  Questions 	internmatch:QUE_ADD_INTERNSHIP_AGENT_STEP_TWO_GRPAttribute: QQQ_QUESTION_GROUP_BUTTON_PREVIOUS_SUBMIT cannot be found in product internmatchRESET
RED			-  Questions 	internmatch:QUE_EDIT_INTERNSHIP_AGENT_STEP_ONE_GRPAttribute: QQQ_QUESTION_GROUP_BUTTON_CANCEL_NEXT cannot be found in product internmatchRESET
RED			-  Questions 	internmatch:QUE_EDIT_AGENT_GRPAttribute: QQQ_QUESTION_GROUP_BUTTON_CANCEL_SUBMIT cannot be found in product internmatchRESET
RED			-  Questions 	internmatch:QUE_EDU_PROVIDER_GRPAttribute: QQQ_QUESTION_GROUP_BUTTON_CANCEL_SUBMIT cannot be found in product internmatchRESET
RED			-  Questions 	internmatch:QUE_ADD_STAFF_GRPAttribute: QQQ_QUESTION_GROUP_BUTTON_CANCEL_SUBMIT cannot be found in product internmatchRESET
RED			-  Questions 	internmatch:QUE_ADD_STAFF_TO_COMPANY_GRPAttribute: QQQ_QUESTION_GROUP_BUTTON_YES_NO cannot be found in product internmatchRESET
RED			-  Questions 	internmatch:QUE_ADD_INTERNSHIP_AGENT_STEP_ONE_GRPAttribute: QQQ_QUESTION_GROUP_BUTTON_CANCEL_NEXT cannot be found in product internmatchRESET
RED			-  Questions 	internmatch:QUE_ATMC_AGREEMENT_LOCKDOWN_GRPAttribute: QQQ_QUESTION_GROUP_BUTTON_CANCEL_SUBMIT cannot be found in product internmatchRESET
RED			-  Questions 	internmatch:QUE_ADD_BEG_GRPAttribute: QQQ_QUESTION_GROUP_BUTTON_CANCEL_SUBMIT cannot be found in product internmatchRESET
RED			-  Questions 	internmatch:QUE_ADD_HOST_COMPANY_STAFF_GRPAttribute: QQQ_QUESTION_GROUP_BUTTON_CANCEL_SUBMIT cannot be found in product internmatchRESET
RED			-  Questions 	internmatch:QUE_ADD_NEW_INTERNSHIPAttribute: QQQ_QUESTION_GROUP_BUTTON_CANCEL_SUBMIT cannot be found in product internmatchRESET
RED			-  Questions 	internmatch:QUE_APPLY_INTERNSHIP_GRPAttribute: QQQ_QUESTION_GROUP_BUTTON_CANCEL_SUBMIT cannot be found in product internmatchRESET
RED			-  Questions 	internmatch:QUE_DEFAULT_AGREEMENT_EDU_REP_GRPAttribute: QQQ_QUESTION_GROUP_BUTTON_CANCEL_SUBMIT cannot be found in product internmatchRESET
RED			-  Questions 	internmatch:QUE_INDUCTION_DOCUMENT_STUDENTS_EXPECTED_GAINS_GRPAttribute: QQQ_QUESTION_GROUP_BUTTON_CANCEL_SUBMIT cannot be found in product internmatchRESET
RED			-  Questions 	internmatch:QUE_TRAINING_PLAN_HC_REP_SIGNATURE_ATMCAttribute: PRI_HOST_CPY_REP_AGREEMENT_SIGNATURE cannot be found in product internmatchRESET
RED			-  Questions 	internmatch:QUE_IS_UNSUBSCRIBE_GRPAttribute: QQQ_QUESTION_GROUP_BUTTON_CANCEL_SUBMIT cannot be found in product internmatchRESET
RED			-  Questions 	internmatch:QUE_TAB_BUCKET_VIEWAttribute: EVT_BUCKET_VIEW cannot be found in product internmatchRESET
RED			-  Questions 	internmatch:QUE_EDIT_BEG_GRPAttribute: QQQ_QUESTION_GROUP_BUTTON_CANCEL_SUBMIT cannot be found in product internmatchRESET
RED			-  Questions 	internmatch:QUE_APPLY_BEG_GRPAttribute: QQQ_QUESTION_GROUP_BUTTON_CANCEL_SUBMIT cannot be found in product internmatchRESET
RED			-  Questions 	internmatch:QUE_BUCKET_VIEWAttribute: EVT_BUCKET_VIEW cannot be found in product internmatchRESET
RED			-  Questions 	internmatch:QUE_DELETE_APPLICATION_GRPAttribute: QQQ_QUESTION_GROUP_BUTTON_YES_NO cannot be found in product internmatchRESET
RED			-  Questions 	internmatch:QUE_ADD_EDU_PROVIDER_GRPAttribute: QQQ_QUESTION_GROUP_BUTTON_CANCEL_SUBMIT cannot be found in product internmatchRESET
RED			-  Questions 	internmatch:QUE_SELECT_USER_TYPE_GRPAttribute: QQQ_QUESTION_GROUP_BUTTON_CANCEL_NEXT cannot be found in product internmatchRESET
RED			-  Questions 	internmatch:QUE_EDIT_INTERNSHIP_AGENT_STEP_TWO_GRPAttribute: QQQ_QUESTION_GROUP_BUTTON_PREVIOUS_SUBMIT cannot be found in product internmatchRESET
RED			-  Questions 	internmatch:QUE_EDIT_AGENCY_GRPAttribute: QQQ_QUESTION_GROUP_BUTTON_CANCEL_SUBMIT cannot be found in product internmatchRESET
RED			-  Questions 	internmatch:QUE_EDIT_INTERNSHIP_STEP_ONE_GRPAttribute: QQQ_QUESTION_GROUP_BUTTON_CANCEL_NEXT cannot be found in product internmatchRESET
RED			-  Questions 	internmatch:QUE_INTERNSHIP_LEARNING_OUTCOMESAttribute: INTERNSHIP.PRI_BASE_LEARNING_OUTCOMES cannot be found in product internmatchRESET
RED			-  Questions 	internmatch:QUE_ADD_INTERNSHIP_OPPORTUNITYAttribute: EVT_ADD_INTERNSHIP_OPPORTUNITY cannot be found in product internmatchRESET
RED			-  Questions 	internmatch:QUE_DEFAULT_AGREEMENT_INTERN_GRPAttribute: QQQ_QUESTION_GROUP_BUTTON_CANCEL_SUBMIT cannot be found in product internmatchRESET
RED			-  Questions 	internmatch:QUE_UK_HC_LEGAL_DOC_GRPAttribute: QQQ_QUESTION_GROUP_BUTTON_CANCEL_SUBMIT cannot be found in product internmatchRESET
RED			-  Questions 	internmatch:QUE_ADD_NEW_COMPANYAttribute: QQQ_QUESTION_GROUP_BUTTON_CANCEL_SUBMIT cannot be found in product internmatchRESET
RED			-  Questions 	internmatch:QUE_EMAIL_UNSUBSCRIPTION_GRPAttribute: QQQ_QUESTION_GROUP_BUTTON_YES_NO cannot be found in product internmatchRESET
RED			-  Questions 	internmatch:QUE_USER_COMPANY_GRPAttribute: QQQ_QUESTION_GROUP_BUTTON_CANCEL_SUBMIT cannot be found in product internmatchRESET
RED			-  Questions 	internmatch:QUE_EDU_PROVIDERSAttribute: QQQ_QUESTION_GROUP_BUTTON_CANCEL_SUBMIT cannot be found in product internmatchRESET
RED			-  Questions 	internmatch:QUE_DEFAULT_AGREEMENT_LOCKDOWN_GRPAttribute: QQQ_QUESTION_GROUP_BUTTON_CANCEL_SUBMIT cannot be found in product internmatchRESET
RED			-  Questions 	internmatch:QUE_EDIT_HOST_COMPANY_STAFF_GRPAttribute: QQQ_QUESTION_GROUP_BUTTON_CANCEL_SUBMIT cannot be found in product internmatchRESET
RED			-  Questions 	internmatch:QUE_DASHBOARD_ALL_INTERNSHIPSAttribute: QQQ_QUESTION_GROUP_BUTTON_CANCEL_SUBMIT cannot be found in product internmatchRESET
RED			-  Questions 	internmatch:QUE_SELF_SOURCED_HOST_COMPANY_GRPAttribute: QQQ_QUESTION_GROUP_BUTTON_CANCEL_SUBMIT cannot be found in product internmatchRESET
RED			-  Questions 	internmatch:QUE_EDIT_INTERNSHIP_STEP_TWO_GRPAttribute: QQQ_QUESTION_GROUP_BUTTON_PREVIOUS_SUBMIT cannot be found in product internmatchRESET
RED			-  Questions 	internmatch:QUE_SELLER_PROFILE_GRPAttribute: QQQ_QUESTION_GROUP_BUTTON_CANCEL_SUBMIT cannot be found in product internmatchRESET
RED			-  Questions 	internmatch:QUE_DEFAULT_EDU_REP_SIGNATUREAttribute: PRI_EDU_REP_AGREEMENT_SIGNATURE cannot be found in product internmatchRESET
RED			-  Questions 	internmatch:QUE_MOVE_BEG_GRPAttribute: QQQ_QUESTION_GROUP_BUTTON_YES_NO cannot be found in product internmatchRESET
RED			-  Questions 	internmatch:QUE_INTERNSHIP_SPECIFIC_LEARNING_OUTCOMESAttribute: INTERNSHIP.PRI_SPECIFIC_LEARNING_OUTCOMES cannot be found in product internmatchRESET
RED			-  Questions 	internmatch:QUE_TEST_COMMS_EMAILAttribute: TST_EMAIL cannot be found in product internmatchRESET
RED			-  Questions 	internmatch:QUE_USER_PROFILE_MENU_GRPAttribute: QQQ_QUESTION_GROUP_BUTTON_CANCEL_SUBMIT cannot be found in product internmatchRESET
RED			-  Questions 	internmatch:QUE_APPLY_INTERNSHIP_AGENT_GRPAttribute: QQQ_QUESTION_GROUP_BUTTON_CANCEL_SUBMIT cannot be found in product internmatchRESET
RED			-  Questions 	internmatch:QUE_ADD_INTERNSHIP_QUESTION_GRPAttribute: QQQ_QUESTION_GROUP_BUTTON_YES_NO cannot be found in product internmatchRESET
RED			-  Questions 	internmatch:QUE_DIVIDERAttribute: QQQ cannot be found in product internmatchRESET
RED			-  Questions 	internmatch:QUE_DELETE_INTERNSHIP_TEMPLATE_GRPAttribute: QQQ_QUESTION_GROUP_BUTTON_YES_NO cannot be found in product internmatchRESET
RED			-  Questions 	internmatch:QUE_DURATIONAttribute: PRI_DURATION cannot be found in product internmatchRESET
RED			-  Questions 	internmatch:QUE_ADD_NEW_PERSONAttribute: QQQ_QUESTION_GROUP_BUTTON_CANCEL_SUBMIT cannot be found in product internmatchRESET
RED			-  Questions 	internmatch:QUE_HOST_COMPANY_STAFF_PROFILE_GRPAttribute: QQQ_QUESTION_GROUP_BUTTON_CANCEL_SUBMIT cannot be found in product internmatchRESET
RED			-  Questions 	internmatch:QUE_INTERN_NAMEAttribute: INTERN.PRI_NAME cannot be found in product internmatchRESET
RED			-  Questions 	internmatch:QUE_ADD_INTERNSHIP_STEP_TWO_GRPAttribute: QQQ_QUESTION_GROUP_BUTTON_PREVIOUS_SUBMIT cannot be found in product internmatchRESET
RED			-  Questions 	internmatch:QUE_EDIT_INTERNSHIP_TRAINING_PLAN_DETAILSAttribute: QQQ_QUESTION_GROUP_BUTTON_CANCEL_SUBMIT cannot be found in product internmatchRESET
RED			-  Questions 	internmatch:QUE_TEST_COMMS_ALIAS3_ALIASAttribute: TST_ALIAS3_ALIAS cannot be found in product internmatchRESET
RED			-  Questions 	internmatch:QUE_INTERNSHIP_ROLES_AND_RESPONSIBILITIESAttribute: INTERNSHIP.PRI_ROLES_AND_RESPONSIBILITIES cannot be found in product internmatchRESET
RED			-  Questions 	internmatch:QUE_ADD_INTERNSHIP_TO_COMPANY_GRPAttribute: QQQ_QUESTION_GROUP_BUTTON_YES_NO cannot be found in product internmatchRESET
RED			-  Questions 	internmatch:QUE_EDIT_EDU_PROVIDER_STAFF_GRPAttribute: QQQ_QUESTION_GROUP_BUTTON_CANCEL_SUBMIT cannot be found in product internmatchRESET
RED			-  Questions 	internmatch:QUE_EDIT_HOST_COMPANY_GRPAttribute: QQQ_QUESTION_GROUP_BUTTON_CANCEL_SUBMIT cannot be found in product internmatchRESET
RED			-  Questions 	internmatch:QUE_CARD_INTERN_NAMEAttribute: INTERN.PRI_NAME cannot be found in product internmatchRESET
RED			-  Questions 	internmatch:QUE_SELECT_COMPANY_TYPE_GRPAttribute: QQQ_QUESTION_GROUP_BUTTON_CANCEL_NEXT cannot be found in product internmatchRESET
RED			-  Questions 	internmatch:QUE_EDIT_AGENT_PROFILE_GRPAttribute: QQQ_QUESTION_GROUP_BUTTON_CANCEL_SUBMIT cannot be found in product internmatchRESET
RED			-  Questions 	internmatch:QUE_DEFAULT_INDUCTIONDOC_QUESTION_SUPERVISOR_GRPAttribute: QQQ_QUESTION_GROUP_BUTTON_CANCEL_SUBMIT cannot be found in product internmatchRESET
RED			-  Questions 	internmatch:QUE_SELLER_COMPANY_GRPAttribute: QQQ_QUESTION_GROUP_BUTTON_CANCEL_SUBMIT cannot be found in product internmatchRESET
RED			-  Questions 	internmatch:QUE_TEST_COMMS_ALIAS1_ALIASAttribute: TST_ALIAS1_ALIAS cannot be found in product internmatchRESET
RED			-  Questions 	internmatch:QUE_ADD_AGENT_GRPAttribute: QQQ_QUESTION_GROUP_BUTTON_CANCEL_SUBMIT cannot be found in product internmatchRESET
RED			-  Questions 	internmatch:QUE_TRAINING_PLAN_INTERN_SIGNATURE_ATMCAttribute: PRI_INTERN_AGREEMENT_SIGNATURE cannot be found in product internmatchRESET
RED			-  Questions 	internmatch:QUE_CARD_INTERN_OCCUPATIONAttribute: _LNK_OCCUPATION__PRI_NAME cannot be found in product internmatchRESET
RED			-  Questions 	internmatch:QUE_TEST_COMMS_TEMPLATE_CODEAttribute: TST_TEMPLATE_CODE cannot be found in product internmatchRESET
RED			-  Questions 	internmatch:QUE_BUYER_PROFILE_GRPAttribute: QQQ_QUESTION_GROUP_BUTTON_CANCEL_SUBMIT cannot be found in product internmatchRESET
RED			-  Questions 	internmatch:QUE_ADD_HOST_COMPANY_GRPAttribute: QQQ_QUESTION_GROUP_BUTTON_CANCEL_SUBMIT cannot be found in product internmatchRESET
RED			-  Questions 	internmatch:QUE_ADD_AGENCY_GRPAttribute: QQQ_QUESTION_GROUP_BUTTON_CANCEL_SUBMIT cannot be found in product internmatchRESET
RED			-  Questions 	internmatch:QUE_ADD_BEG_AGENT_GRPAttribute: QQQ_QUESTION_GROUP_BUTTON_CANCEL_SUBMIT cannot be found in product internmatchRESET
RED			-  Questions 	internmatch:QUE_TIMEZONE_IDAttribute: LNK_TIMEZONE_ID cannot be found in product internmatchRESET
RED			-  Questions 	internmatch:QUE_ATMC_AGREEMENT_EDU_REP_GRPAttribute: QQQ_QUESTION_GROUP_BUTTON_CANCEL_SUBMIT cannot be found in product internmatchRESET
RED			-  Questions 	internmatch:QUE_ATMC_AGREEMENT_HOST_CPY_REP_GRPAttribute: QQQ_QUESTION_GROUP_BUTTON_CANCEL_SUBMIT cannot be found in product internmatchRESET
RED			-  Questions 	internmatch:QUE_HOST_COMPANY_GRPAttribute: QQQ_QUESTION_GROUP_BUTTON_CANCEL_SUBMIT cannot be found in product internmatchRESET
RED			-  Questions 	internmatch:QUE_EDIT_BUYER_PROFILE_GRPAttribute: QQQ_QUESTION_GROUP_BUTTON_CANCEL_SUBMIT cannot be found in product internmatchRESET
RED			-  Questions 	internmatch:QUE_ADD_INTERNSHIP_STEP_ONE_GRPAttribute: QQQ_QUESTION_GROUP_BUTTON_CANCEL_NEXT cannot be found in product internmatchRESET
RED			-  Questions 	internmatch:QUE_INTERNSHIP_SHORT_SUMMARYAttribute: INTERNSHIP.PRI_INTERNSHIP_DETAILS cannot be found in product internmatchRESET
RED			-  Questions 	internmatch:QUE_SELECT_INTERNAttribute: LNK_INTERN cannot be found in product internmatchRESET
RED			-  Questions 	internmatch:QUE_DELETE_INTERNSHIP_GRPAttribute: QQQ_QUESTION_GROUP_BUTTON_YES_NO cannot be found in product internmatchRESET
RED			-  Questions 	internmatch:QUE_DEFAULT_AGREEMENT_HOST_CPY_REP_GRPAttribute: QQQ_QUESTION_GROUP_BUTTON_CANCEL_SUBMIT cannot be found in product internmatchRESET
RED			-  Questions 	internmatch:QUE_DEFAULT_INDUCTIONDOC_QUESTION_INTERN_GRPAttribute: QQQ_QUESTION_GROUP_BUTTON_CANCEL_SUBMIT cannot be found in product internmatchRESET
RED			-  Questions 	internmatch:QUE_HOST_COMPANIESAttribute: QQQ_QUESTION_GROUP_BUTTON_CANCEL_SUBMIT cannot be found in product internmatchRESET
RED			-  Questions 	internmatch:QUE_SELECT_TIME_ZONEAttribute: PRI_TIME_ZONE cannot be found in product internmatchRESET
RED			-  Questions 	internmatch:QUE_SUPERVISOR_EMAILAttribute: SUPERVISOR.PRI_EMAIL cannot be found in product internmatchRESET
RED			-  Questions 	internmatch:QUE_CARD_INTERN_INTERNSHIPAttribute: INTERNSHIP.PRI_NAME cannot be found in product internmatchRESET
RED			-  Questions 	internmatch:QUE_AGENT_PROFILE_GRPAttribute: QQQ_QUESTION_GROUP_BUTTON_CANCEL_SUBMIT cannot be found in product internmatchRESET
GREEN		- QuestionQuestions RESET
RED			-  QuestionQuestions 	internmatch:QUE_SELLER_GRP:QUE_EMAILParent Question: QUE_SELLER_GRP of QuestionQuestion: QUE_SELLER_GRP:QUE_EMAIL does not exist/has not been persisted. Please check the question tableRESET
RED			-  QuestionQuestions 	internmatch:QUE_TEST_COMMS_GRP:QUE_TEST_COMMS_ALIAS1_CODEChild Question: QUE_TEST_COMMS_ALIAS1_CODE of QuestionQuestion: QUE_TEST_COMMS_GRP:QUE_TEST_COMMS_ALIAS1_CODE does not exist/has not been persisted. Please check the question tableRESET
RED			-  QuestionQuestions 	internmatch:QUE_TREE_ITEM_EDU_PROVIDERS_GRP:QUE_TREE_ITEM_EDU_PROVIDERS_WITHDRAWNParent Question: QUE_TREE_ITEM_EDU_PROVIDERS_GRP of QuestionQuestion: QUE_TREE_ITEM_EDU_PROVIDERS_GRP:QUE_TREE_ITEM_EDU_PROVIDERS_WITHDRAWN does not exist/has not been persisted. Please check the question tableRESET
RED			-  QuestionQuestions 	internmatch:QUE_TREE_ITEM_HOST_COMPANIES_GRP:QUE_TREE_ITEM_HOST_COMPANIES_ON_HOLDParent Question: QUE_TREE_ITEM_HOST_COMPANIES_GRP of QuestionQuestion: QUE_TREE_ITEM_HOST_COMPANIES_GRP:QUE_TREE_ITEM_HOST_COMPANIES_ON_HOLD does not exist/has not been persisted. Please check the question tableRESET
RED			-  QuestionQuestions 	internmatch:QUE_TREE_ITEM_MESSAGES_GRP:QUE_TREE_ITEM_MESSAGES_NOTIFICATIONSParent Question: QUE_TREE_ITEM_MESSAGES_GRP of QuestionQuestion: QUE_TREE_ITEM_MESSAGES_GRP:QUE_TREE_ITEM_MESSAGES_NOTIFICATIONS does not exist/has not been persisted. Please check the question tableRESET
RED			-  QuestionQuestions 	internmatch:QUE_ADD_ITEMS2_GRP:QUE_EDU_PRO_REP_MENUParent Question: QUE_ADD_ITEMS2_GRP of QuestionQuestion: QUE_ADD_ITEMS2_GRP:QUE_EDU_PRO_REP_MENU does not exist/has not been persisted. Please check the question tableRESET
RED			-  QuestionQuestions 	internmatch:QUE_ADD_ITEMS2_GRP:QUE_INTERNSHIP_MENUParent Question: QUE_ADD_ITEMS2_GRP of QuestionQuestion: QUE_ADD_ITEMS2_GRP:QUE_INTERNSHIP_MENU does not exist/has not been persisted. Please check the question tableRESET
RED			-  QuestionQuestions 	internmatch:QUE_EDU_PRO_GRP:QUE_COUNTRY_SELECTChild Question: QUE_COUNTRY_SELECT of QuestionQuestion: QUE_EDU_PRO_GRP:QUE_COUNTRY_SELECT does not exist/has not been persisted. Please check the question tableRESET
RED			-  QuestionQuestions 	internmatch:QUE_ADD_FILTER_GRP:QUE_FILTER_VALUE_SELECTChild Question: QUE_FILTER_VALUE_SELECT of QuestionQuestion: QUE_ADD_FILTER_GRP:QUE_FILTER_VALUE_SELECT does not exist/has not been persisted. Please check the question tableRESET
RED			-  QuestionQuestions 	internmatch:QUE_SIDEBAR_GRP:QUE_TREE_ITEM_EDU_PROVIDERSChild Question: QUE_TREE_ITEM_EDU_PROVIDERS of QuestionQuestion: QUE_SIDEBAR_GRP:QUE_TREE_ITEM_EDU_PROVIDERS does not exist/has not been persisted. Please check the question tableRESET
RED			-  QuestionQuestions 	internmatch:QUE_REF_PART_REP_GRP:QUE_SELECT_TIME_ZONEChild Question: QUE_SELECT_TIME_ZONE of QuestionQuestion: QUE_REF_PART_REP_GRP:QUE_SELECT_TIME_ZONE does not exist/has not been persisted. Please check the question tableRESET
RED			-  QuestionQuestions 	internmatch:QUE_ADD_ITEMS2_GRP:QUE_REF_PART_REP_MENUParent Question: QUE_ADD_ITEMS2_GRP of QuestionQuestion: QUE_ADD_ITEMS2_GRP:QUE_REF_PART_REP_MENU does not exist/has not been persisted. Please check the question tableRESET
RED			-  QuestionQuestions 	internmatch:QUE_TREE_ITEM_EDU_PROVIDERS_GRP:QUE_TREE_ITEM_EDU_PROVIDERS_ACTIVEParent Question: QUE_TREE_ITEM_EDU_PROVIDERS_GRP of QuestionQuestion: QUE_TREE_ITEM_EDU_PROVIDERS_GRP:QUE_TREE_ITEM_EDU_PROVIDERS_ACTIVE does not exist/has not been persisted. Please check the question tableRESET
RED			-  QuestionQuestions 	internmatch:QUE_AGENT_GRP:QUE_SELECT_TIME_ZONEChild Question: QUE_SELECT_TIME_ZONE of QuestionQuestion: QUE_AGENT_GRP:QUE_SELECT_TIME_ZONE does not exist/has not been persisted. Please check the question tableRESET
RED			-  QuestionQuestions 	internmatch:QUE_APPLICATION_CARD_GRP:QUE_CARD_INTERN_NAMEChild Question: QUE_CARD_INTERN_NAME of QuestionQuestion: QUE_APPLICATION_CARD_GRP:QUE_CARD_INTERN_NAME does not exist/has not been persisted. Please check the question tableRESET
RED			-  QuestionQuestions 	internmatch:QUE_INTERNSHIP_DETAILS_GRP:QUE_INTERNSHIP_SPECIFIC_LEARNING_OUTCOMESChild Question: QUE_INTERNSHIP_SPECIFIC_LEARNING_OUTCOMES of QuestionQuestion: QUE_INTERNSHIP_DETAILS_GRP:QUE_INTERNSHIP_SPECIFIC_LEARNING_OUTCOMES does not exist/has not been persisted. Please check the question tableRESET
RED			-  QuestionQuestions 	internmatch:QUE_TRAINING_PLAN_SIGNATURES_ATMC_GRP:QUE_TRAINING_PLAN_HC_REP_SIGNATURE_ATMCChild Question: QUE_TRAINING_PLAN_HC_REP_SIGNATURE_ATMC of QuestionQuestion: QUE_TRAINING_PLAN_SIGNATURES_ATMC_GRP:QUE_TRAINING_PLAN_HC_REP_SIGNATURE_ATMC does not exist/has not been persisted. Please check the question tableRESET
RED			-  QuestionQuestions 	internmatch:QUE_ADD_ITEMS2_GRP:QUE_HOST_CPY2_MENUParent Question: QUE_ADD_ITEMS2_GRP of QuestionQuestion: QUE_ADD_ITEMS2_GRP:QUE_HOST_CPY2_MENU does not exist/has not been persisted. Please check the question tableRESET
RED			-  QuestionQuestions 	internmatch:QUE_TREE_ITEM_INTERNSHIPS_GRP:QUE_TREE_ITEM_INTERNSHIPS_COMPLETEDParent Question: QUE_TREE_ITEM_INTERNSHIPS_GRP of QuestionQuestion: QUE_TREE_ITEM_INTERNSHIPS_GRP:QUE_TREE_ITEM_INTERNSHIPS_COMPLETED does not exist/has not been persisted. Please check the question tableRESET
RED			-  QuestionQuestions 	internmatch:QUE_APPLICATION_CARD_GRP:QUE_CARD_INTERN_HOST_COMPANYChild Question: QUE_CARD_INTERN_HOST_COMPANY of QuestionQuestion: QUE_APPLICATION_CARD_GRP:QUE_CARD_INTERN_HOST_COMPANY does not exist/has not been persisted. Please check the question tableRESET
RED			-  QuestionQuestions 	internmatch:QUE_INTERNSHIP_DETAILS_GRP:QUE_INTERNSHIP_ROLES_AND_RESPONSIBILITIESChild Question: QUE_INTERNSHIP_ROLES_AND_RESPONSIBILITIES of QuestionQuestion: QUE_INTERNSHIP_DETAILS_GRP:QUE_INTERNSHIP_ROLES_AND_RESPONSIBILITIES does not exist/has not been persisted. Please check the question tableRESET
RED			-  QuestionQuestions 	internmatch:QUE_TRAINING_PLAN_SIGNATURES_ATMC_GRP:QUE_TRAINING_PLAN_EDU_REP_SIGNATURE_ATMCChild Question: QUE_TRAINING_PLAN_EDU_REP_SIGNATURE_ATMC of QuestionQuestion: QUE_TRAINING_PLAN_SIGNATURES_ATMC_GRP:QUE_TRAINING_PLAN_EDU_REP_SIGNATURE_ATMC does not exist/has not been persisted. Please check the question tableRESET
RED			-  QuestionQuestions 	internmatch:QUE_INTERN_GRP:QUE_SELECT_TIME_ZONEChild Question: QUE_SELECT_TIME_ZONE of QuestionQuestion: QUE_INTERN_GRP:QUE_SELECT_TIME_ZONE does not exist/has not been persisted. Please check the question tableRESET
RED			-  QuestionQuestions 	internmatch:QUE_SELLER_GRP:QUE_LASTNAMEParent Question: QUE_SELLER_GRP of QuestionQuestion: QUE_SELLER_GRP:QUE_LASTNAME does not exist/has not been persisted. Please check the question tableRESET
RED			-  QuestionQuestions 	internmatch:QUE_TREE_ITEM_INTERNSHIPS_GRP:QUE_TREE_ITEM_INTERNSHIPS_IN_PROGRESSParent Question: QUE_TREE_ITEM_INTERNSHIPS_GRP of QuestionQuestion: QUE_TREE_ITEM_INTERNSHIPS_GRP:QUE_TREE_ITEM_INTERNSHIPS_IN_PROGRESS does not exist/has not been persisted. Please check the question tableRESET
RED			-  QuestionQuestions 	internmatch:QUE_APPLICATION_CARD_GRP:QUE_CARD_INTERN_INTERNSHIPChild Question: QUE_CARD_INTERN_INTERNSHIP of QuestionQuestion: QUE_APPLICATION_CARD_GRP:QUE_CARD_INTERN_INTERNSHIP does not exist/has not been persisted. Please check the question tableRESET
RED			-  QuestionQuestions 	internmatch:QUE_SELLER_GRP:QUE_MOBILEParent Question: QUE_SELLER_GRP of QuestionQuestion: QUE_SELLER_GRP:QUE_MOBILE does not exist/has not been persisted. Please check the question tableRESET
RED			-  QuestionQuestions 	internmatch:QUE_TREE_ITEM_MESSAGES_GRP:QUE_TREE_ITEM_MESSAGES_ALERTSParent Question: QUE_TREE_ITEM_MESSAGES_GRP of QuestionQuestion: QUE_TREE_ITEM_MESSAGES_GRP:QUE_TREE_ITEM_MESSAGES_ALERTS does not exist/has not been persisted. Please check the question tableRESET
RED			-  QuestionQuestions 	internmatch:QUE_TREE_ITEM_INTERNS_GRP:QUE_TREE_ITEM_INTERNS_WITHDRAWNParent Question: QUE_TREE_ITEM_INTERNS_GRP of QuestionQuestion: QUE_TREE_ITEM_INTERNS_GRP:QUE_TREE_ITEM_INTERNS_WITHDRAWN does not exist/has not been persisted. Please check the question tableRESET
RED			-  QuestionQuestions 	internmatch:QUE_SUPERVISOR_DETAILS_GRP:QUE_SUPERVISOR_NAMEChild Question: QUE_SUPERVISOR_NAME of QuestionQuestion: QUE_SUPERVISOR_DETAILS_GRP:QUE_SUPERVISOR_NAME does not exist/has not been persisted. Please check the question tableRESET
RED			-  QuestionQuestions 	internmatch:QUE_ADD_ITEMS2_GRP:QUE_HOST_CPY_REP_MENUParent Question: QUE_ADD_ITEMS2_GRP of QuestionQuestion: QUE_ADD_ITEMS2_GRP:QUE_HOST_CPY_REP_MENU does not exist/has not been persisted. Please check the question tableRESET
RED			-  QuestionQuestions 	internmatch:QUE_HC_SERVICES_AGREEMENT_FORM_GRP:QUE_HCS_AGREEMENTChild Question: QUE_HCS_AGREEMENT of QuestionQuestion: QUE_HC_SERVICES_AGREEMENT_FORM_GRP:QUE_HCS_AGREEMENT does not exist/has not been persisted. Please check the question tableRESET
RED			-  QuestionQuestions 	internmatch:QUE_SELLER_GRP:QUE_IMAGEParent Question: QUE_SELLER_GRP of QuestionQuestion: QUE_SELLER_GRP:QUE_IMAGE does not exist/has not been persisted. Please check the question tableRESET
RED			-  QuestionQuestions 	internmatch:QUE_TREE_ITEM_HOST_COMPANIES_GRP:QUE_TREE_ITEM_HOST_COMPANIES_WITHDRAWNParent Question: QUE_TREE_ITEM_HOST_COMPANIES_GRP of QuestionQuestion: QUE_TREE_ITEM_HOST_COMPANIES_GRP:QUE_TREE_ITEM_HOST_COMPANIES_WITHDRAWN does not exist/has not been persisted. Please check the question tableRESET
RED			-  QuestionQuestions 	internmatch:QUE_BUCKET_INTERNS_GRP:QUE_SELECT_INTERNParent Question: QUE_BUCKET_INTERNS_GRP of QuestionQuestion: QUE_BUCKET_INTERNS_GRP:QUE_SELECT_INTERN does not exist/has not been persisted. Please check the question tableRESET
RED			-  QuestionQuestions 	internmatch:QUE_INTERNSHIP_DETAILS_GRP:QUE_INTERNSHIP_LEARNING_OUTCOMESChild Question: QUE_INTERNSHIP_LEARNING_OUTCOMES of QuestionQuestion: QUE_INTERNSHIP_DETAILS_GRP:QUE_INTERNSHIP_LEARNING_OUTCOMES does not exist/has not been persisted. Please check the question tableRESET
RED			-  QuestionQuestions 	internmatch:QUE_TEST_COMMS_GRP:QUE_TEST_COMMS_TEMPLATE_CODEChild Question: QUE_TEST_COMMS_TEMPLATE_CODE of QuestionQuestion: QUE_TEST_COMMS_GRP:QUE_TEST_COMMS_TEMPLATE_CODE does not exist/has not been persisted. Please check the question tableRESET
RED			-  QuestionQuestions 	internmatch:QUE_TREE_ITEM_CONTACTS_GRP:QUE_TREE_ITEM_INTERNS_GRPParent Question: QUE_TREE_ITEM_CONTACTS_GRP of QuestionQuestion: QUE_TREE_ITEM_CONTACTS_GRP:QUE_TREE_ITEM_INTERNS_GRP does not exist/has not been persisted. Please check the question tableRESET
RED			-  QuestionQuestions 	internmatch:QUE_TREE_ITEM_INTERNS_GRP:QUE_TREE_ITEM_INTERNS_OFFEREDParent Question: QUE_TREE_ITEM_INTERNS_GRP of QuestionQuestion: QUE_TREE_ITEM_INTERNS_GRP:QUE_TREE_ITEM_INTERNS_OFFERED does not exist/has not been persisted. Please check the question tableRESET
RED			-  QuestionQuestions 	internmatch:QUE_INTERNSHIP_DETAILS_GRP:QUE_INTERNSHIP_SHORT_SUMMARYChild Question: QUE_INTERNSHIP_SHORT_SUMMARY of QuestionQuestion: QUE_INTERNSHIP_DETAILS_GRP:QUE_INTERNSHIP_SHORT_SUMMARY does not exist/has not been persisted. Please check the question tableRESET
RED			-  QuestionQuestions 	internmatch:QUE_SIDEBAR_GRP:QUE_TAB_BUCKET_VIEWChild Question: QUE_TAB_BUCKET_VIEW of QuestionQuestion: QUE_SIDEBAR_GRP:QUE_TAB_BUCKET_VIEW does not exist/has not been persisted. Please check the question tableRESET
RED			-  QuestionQuestions 	internmatch:QUE_DETAIL_VIEW_CONTROL_GRP:QUE_TEST_DELETEChild Question: QUE_TEST_DELETE of QuestionQuestion: QUE_DETAIL_VIEW_CONTROL_GRP:QUE_TEST_DELETE does not exist/has not been persisted. Please check the question tableRESET
RED			-  QuestionQuestions 	internmatch:QUE_TREE_ITEM_INTERNSHIPS_GRP:QUE_TREE_ITEM_INTERNSHIPS_WITHDRAWNParent Question: QUE_TREE_ITEM_INTERNSHIPS_GRP of QuestionQuestion: QUE_TREE_ITEM_INTERNSHIPS_GRP:QUE_TREE_ITEM_INTERNSHIPS_WITHDRAWN does not exist/has not been persisted. Please check the question tableRESET
RED			-  QuestionQuestions 	internmatch:QUE_SIDEBAR_GRP:QUE_TREE_ITEM_CONTACTS_GRPChild Question: QUE_TREE_ITEM_CONTACTS_GRP of QuestionQuestion: QUE_SIDEBAR_GRP:QUE_TREE_ITEM_CONTACTS_GRP does not exist/has not been persisted. Please check the question tableRESET
RED			-  QuestionQuestions 	internmatch:QUE_ADD_ITEMS_GRP:QUE_ADD_PROGRAM_PROVIDERChild Question: QUE_ADD_PROGRAM_PROVIDER of QuestionQuestion: QUE_ADD_ITEMS_GRP:QUE_ADD_PROGRAM_PROVIDER does not exist/has not been persisted. Please check the question tableRESET
RED			-  QuestionQuestions 	internmatch:QUE_TREE_ITEM_EDU_PROVIDERS_GRP:QUE_TREE_ITEM_EDU_PROVIDERS_ON_HOLDParent Question: QUE_TREE_ITEM_EDU_PROVIDERS_GRP of QuestionQuestion: QUE_TREE_ITEM_EDU_PROVIDERS_GRP:QUE_TREE_ITEM_EDU_PROVIDERS_ON_HOLD does not exist/has not been persisted. Please check the question tableRESET
RED			-  QuestionQuestions 	internmatch:QUE_ADD_ITEMS2_GRP:QUE_REF_PART_MENUParent Question: QUE_ADD_ITEMS2_GRP of QuestionQuestion: QUE_ADD_ITEMS2_GRP:QUE_REF_PART_MENU does not exist/has not been persisted. Please check the question tableRESET
RED			-  QuestionQuestions 	internmatch:QUE_TREE_ITEM_INTERNS_AVAILABLE_GRP:QUE_TREE_ITEM_INTERNS_INTERVIEWParent Question: QUE_TREE_ITEM_INTERNS_AVAILABLE_GRP of QuestionQuestion: QUE_TREE_ITEM_INTERNS_AVAILABLE_GRP:QUE_TREE_ITEM_INTERNS_INTERVIEW does not exist/has not been persisted. Please check the question tableRESET
RED			-  QuestionQuestions 	internmatch:QUE_TREE_ITEM_INTERNSHIPS_GRP:QUE_TREE_ITEM_INTERNSHIPS_PLACEDParent Question: QUE_TREE_ITEM_INTERNSHIPS_GRP of QuestionQuestion: QUE_TREE_ITEM_INTERNSHIPS_GRP:QUE_TREE_ITEM_INTERNSHIPS_PLACED does not exist/has not been persisted. Please check the question tableRESET
RED			-  QuestionQuestions 	internmatch:QUE_TREE_ITEM_CONTACTS_GRP:QUE_TREE_ITEM_AGENTS_GRPParent Question: QUE_TREE_ITEM_CONTACTS_GRP of QuestionQuestion: QUE_TREE_ITEM_CONTACTS_GRP:QUE_TREE_ITEM_AGENTS_GRP does not exist/has not been persisted. Please check the question tableRESET
RED			-  QuestionQuestions 	internmatch:QUE_AVAILABLE_INTERNS_CARD_GRP:QUE_CARD_INTERN_OCCUPATIONChild Question: QUE_CARD_INTERN_OCCUPATION of QuestionQuestion: QUE_AVAILABLE_INTERNS_CARD_GRP:QUE_CARD_INTERN_OCCUPATION does not exist/has not been persisted. Please check the question tableRESET
RED			-  QuestionQuestions 	internmatch:QUE_TREE_ITEM_INTERNS_AVAILABLE_GRP:QUE_TREE_ITEM_INTERNS_APPLIEDParent Question: QUE_TREE_ITEM_INTERNS_AVAILABLE_GRP of QuestionQuestion: QUE_TREE_ITEM_INTERNS_AVAILABLE_GRP:QUE_TREE_ITEM_INTERNS_APPLIED does not exist/has not been persisted. Please check the question tableRESET
RED			-  QuestionQuestions 	internmatch:QUE_TREE_ITEM_INTERNS_GRP:QUE_TREE_ITEM_INTERNS_IN_PROGRESSParent Question: QUE_TREE_ITEM_INTERNS_GRP of QuestionQuestion: QUE_TREE_ITEM_INTERNS_GRP:QUE_TREE_ITEM_INTERNS_IN_PROGRESS does not exist/has not been persisted. Please check the question tableRESET
RED			-  QuestionQuestions 	internmatch:QUE_SELLER_GRP:QUE_FIRSTNAMEParent Question: QUE_SELLER_GRP of QuestionQuestion: QUE_SELLER_GRP:QUE_FIRSTNAME does not exist/has not been persisted. Please check the question tableRESET
RED			-  QuestionQuestions 	internmatch:QUE_TREE_ITEM_MESSAGES_GRP:QUE_TREE_ITEM_MESSAGES_ALARMSParent Question: QUE_TREE_ITEM_MESSAGES_GRP of QuestionQuestion: QUE_TREE_ITEM_MESSAGES_GRP:QUE_TREE_ITEM_MESSAGES_ALARMS does not exist/has not been persisted. Please check the question tableRESET
RED			-  QuestionQuestions 	internmatch:QUE_ADD_FILTER_SBE_GRP:QUE_FILTER_VALUE_COMPANY_INDUSTRYChild Question: QUE_FILTER_VALUE_COMPANY_INDUSTRY of QuestionQuestion: QUE_ADD_FILTER_SBE_GRP:QUE_FILTER_VALUE_COMPANY_INDUSTRY does not exist/has not been persisted. Please check the question tableRESET
RED			-  QuestionQuestions 	internmatch:QUE_SBE_DETAIL_QUESTION_GRP:QUE_SBE_DETAIL_QUESTIONChild Question: QUE_SBE_DETAIL_QUESTION of QuestionQuestion: QUE_SBE_DETAIL_QUESTION_GRP:QUE_SBE_DETAIL_QUESTION does not exist/has not been persisted. Please check the question tableRESET
RED			-  QuestionQuestions 	internmatch:QUE_TREE_ITEM_INTERNSHIPS_GRP:QUE_TREE_ITEM_INTERNSHIPS_ACTIVEParent Question: QUE_TREE_ITEM_INTERNSHIPS_GRP of QuestionQuestion: QUE_TREE_ITEM_INTERNSHIPS_GRP:QUE_TREE_ITEM_INTERNSHIPS_ACTIVE does not exist/has not been persisted. Please check the question tableRESET
RED			-  QuestionQuestions 	internmatch:QUE_SIDEBAR_GRP:QUE_TREE_ITEM_HOST_COMPANIESChild Question: QUE_TREE_ITEM_HOST_COMPANIES of QuestionQuestion: QUE_SIDEBAR_GRP:QUE_TREE_ITEM_HOST_COMPANIES does not exist/has not been persisted. Please check the question tableRESET
RED			-  QuestionQuestions 	internmatch:QUE_UK_HC_LEGAL_DOC_GRP:QUE_SUBMITParent Question: QUE_UK_HC_LEGAL_DOC_GRP of QuestionQuestion: QUE_UK_HC_LEGAL_DOC_GRP:QUE_SUBMIT does not exist/has not been persisted. Please check the question tableRESET
RED			-  QuestionQuestions 	internmatch:QUE_TEST_COMMS_GRP:QUE_TEST_COMMS_EMAILChild Question: QUE_TEST_COMMS_EMAIL of QuestionQuestion: QUE_TEST_COMMS_GRP:QUE_TEST_COMMS_EMAIL does not exist/has not been persisted. Please check the question tableRESET
RED			-  QuestionQuestions 	internmatch:QUE_ADD_ITEMS2_GRP:QUE_INTERN_MENUParent Question: QUE_ADD_ITEMS2_GRP of QuestionQuestion: QUE_ADD_ITEMS2_GRP:QUE_INTERN_MENU does not exist/has not been persisted. Please check the question tableRESET
RED			-  QuestionQuestions 	internmatch:QUE_TREE_ITEM_INTERNS_AVAILABLE_GRP:QUE_TREE_ITEM_INTERNS_SHORTLISTEDParent Question: QUE_TREE_ITEM_INTERNS_AVAILABLE_GRP of QuestionQuestion: QUE_TREE_ITEM_INTERNS_AVAILABLE_GRP:QUE_TREE_ITEM_INTERNS_SHORTLISTED does not exist/has not been persisted. Please check the question tableRESET
RED			-  QuestionQuestions 	internmatch:QUE_INTRO_VIDEO_GRP:QUE_NEXT_BTNParent Question: QUE_INTRO_VIDEO_GRP of QuestionQuestion: QUE_INTRO_VIDEO_GRP:QUE_NEXT_BTN does not exist/has not been persisted. Please check the question tableRESET
RED			-  QuestionQuestions 	internmatch:QUE_TREE_ITEM_MESSAGES_GRP:QUE_TREE_ITEM_JOURNALS_TODAY_GRPParent Question: QUE_TREE_ITEM_MESSAGES_GRP of QuestionQuestion: QUE_TREE_ITEM_MESSAGES_GRP:QUE_TREE_ITEM_JOURNALS_TODAY_GRP does not exist/has not been persisted. Please check the question tableRESET
RED			-  QuestionQuestions 	internmatch:QUE_TREE_ITEM_INTERNS_GRP:QUE_TREE_ITEM_INTERNS_PLACEDParent Question: QUE_TREE_ITEM_INTERNS_GRP of QuestionQuestion: QUE_TREE_ITEM_INTERNS_GRP:QUE_TREE_ITEM_INTERNS_PLACED does not exist/has not been persisted. Please check the question tableRESET
RED			-  QuestionQuestions 	internmatch:QUE_TRAINING_PLAN_COMPANY_INFO_ATMC_GRP:QUE_INTERNSHIP_LEARNING_OUTCOMESChild Question: QUE_INTERNSHIP_LEARNING_OUTCOMES of QuestionQuestion: QUE_TRAINING_PLAN_COMPANY_INFO_ATMC_GRP:QUE_INTERNSHIP_LEARNING_OUTCOMES does not exist/has not been persisted. Please check the question tableRESET
RED			-  QuestionQuestions 	internmatch:QUE_TREE_ITEM_INTERNS_GRP:QUE_TREE_ITEM_INTERNS_AVAILABLE_GRPParent Question: QUE_TREE_ITEM_INTERNS_GRP of QuestionQuestion: QUE_TREE_ITEM_INTERNS_GRP:QUE_TREE_ITEM_INTERNS_AVAILABLE_GRP does not exist/has not been persisted. Please check the question tableRESET
RED			-  QuestionQuestions 	internmatch:QUE_TREE_ITEM_CONTACTS_GRP:QUE_TREE_ITEM_EPR_GRPParent Question: QUE_TREE_ITEM_CONTACTS_GRP of QuestionQuestion: QUE_TREE_ITEM_CONTACTS_GRP:QUE_TREE_ITEM_EPR_GRP does not exist/has not been persisted. Please check the question tableRESET
RED			-  QuestionQuestions 	internmatch:QUE_HOST_CPY_REP_GRP:QUE_SELECT_TIME_ZONEChild Question: QUE_SELECT_TIME_ZONE of QuestionQuestion: QUE_HOST_CPY_REP_GRP:QUE_SELECT_TIME_ZONE does not exist/has not been persisted. Please check the question tableRESET
RED			-  QuestionQuestions 	internmatch:QUE_FORM_HEADER_GRP:QUE_FIRSTNAMEParent Question: QUE_FORM_HEADER_GRP of QuestionQuestion: QUE_FORM_HEADER_GRP:QUE_FIRSTNAME does not exist/has not been persisted. Please check the question tableRESET
RED			-  QuestionQuestions 	internmatch:QUE_ADD_FILTER_SBE_GRP:QUE_FILTER_VALUE_SELECTChild Question: QUE_FILTER_VALUE_SELECT of QuestionQuestion: QUE_ADD_FILTER_SBE_GRP:QUE_FILTER_VALUE_SELECT does not exist/has not been persisted. Please check the question tableRESET
RED			-  QuestionQuestions 	internmatch:QUE_TRAINING_PLAN_SIGNATURES_ATMC_GRP:QUE_TRAINING_PLAN_INTERN_SIGNATURE_ATMCChild Question: QUE_TRAINING_PLAN_INTERN_SIGNATURE_ATMC of QuestionQuestion: QUE_TRAINING_PLAN_SIGNATURES_ATMC_GRP:QUE_TRAINING_PLAN_INTERN_SIGNATURE_ATMC does not exist/has not been persisted. Please check the question tableRESET
RED			-  QuestionQuestions 	internmatch:QUE_TREE_ITEM_INTERNS_GRP:QUE_TREE_ITEM_INTERNS_COMPLETEDParent Question: QUE_TREE_ITEM_INTERNS_GRP of QuestionQuestion: QUE_TREE_ITEM_INTERNS_GRP:QUE_TREE_ITEM_INTERNS_COMPLETED does not exist/has not been persisted. Please check the question tableRESET
RED			-  QuestionQuestions 	internmatch:QUE_TREE_ITEM_HOST_COMPANIES_GRP:QUE_TREE_ITEM_HOST_COMPANIES_ACTIVEParent Question: QUE_TREE_ITEM_HOST_COMPANIES_GRP of QuestionQuestion: QUE_TREE_ITEM_HOST_COMPANIES_GRP:QUE_TREE_ITEM_HOST_COMPANIES_ACTIVE does not exist/has not been persisted. Please check the question tableRESET
RED			-  QuestionQuestions 	internmatch:QUE_TEST_COMMS_GRP:QUE_TEST_COMMS_SMSChild Question: QUE_TEST_COMMS_SMS of QuestionQuestion: QUE_TEST_COMMS_GRP:QUE_TEST_COMMS_SMS does not exist/has not been persisted. Please check the question tableRESET
RED			-  QuestionQuestions 	internmatch:QUE_TEST_COMMS_GRP:QUE_TEST_COMMS_ALIAS3_CODEChild Question: QUE_TEST_COMMS_ALIAS3_CODE of QuestionQuestion: QUE_TEST_COMMS_GRP:QUE_TEST_COMMS_ALIAS3_CODE does not exist/has not been persisted. Please check the question tableRESET
RED			-  QuestionQuestions 	internmatch:QUE_TREE_ITEM_INTERNS_GRP:QUE_TREE_ITEM_INTERNS_ON_HOLDParent Question: QUE_TREE_ITEM_INTERNS_GRP of QuestionQuestion: QUE_TREE_ITEM_INTERNS_GRP:QUE_TREE_ITEM_INTERNS_ON_HOLD does not exist/has not been persisted. Please check the question tableRESET
RED			-  QuestionQuestions 	internmatch:QUE_EMAIL_UNSUBSCRIPTION_GRP:QUE_EMAIL_UNSUBSCRIBEParent Question: QUE_EMAIL_UNSUBSCRIPTION_GRP of QuestionQuestion: QUE_EMAIL_UNSUBSCRIPTION_GRP:QUE_EMAIL_UNSUBSCRIBE does not exist/has not been persisted. Please check the question tableRESET
RED			-  QuestionQuestions 	internmatch:QUE_AGREEMENT_DOCUMENT_VIEW_GRP:QUE_BACKChild Question: QUE_BACK of QuestionQuestion: QUE_AGREEMENT_DOCUMENT_VIEW_GRP:QUE_BACK does not exist/has not been persisted. Please check the question tableRESET
RED			-  QuestionQuestions 	internmatch:QUE_TREE_ITEM_INTERNSHIPS_GRP:QUE_TREE_ITEM_INTERNSHIPS_ON_HOLDParent Question: QUE_TREE_ITEM_INTERNSHIPS_GRP of QuestionQuestion: QUE_TREE_ITEM_INTERNSHIPS_GRP:QUE_TREE_ITEM_INTERNSHIPS_ON_HOLD does not exist/has not been persisted. Please check the question tableRESET
RED			-  QuestionQuestions 	internmatch:QUE_TREE_ITEM_CONTACTS_GRP:QUE_TREE_ITEM_REFERRERS_GRPParent Question: QUE_TREE_ITEM_CONTACTS_GRP of QuestionQuestion: QUE_TREE_ITEM_CONTACTS_GRP:QUE_TREE_ITEM_REFERRERS_GRP does not exist/has not been persisted. Please check the question tableRESET
RED			-  QuestionQuestions 	internmatch:QUE_UK_HC_LEGAL_DOC_GRP:QUE_UK_HC_LEGAL_DOC_CL_4Parent Question: QUE_UK_HC_LEGAL_DOC_GRP of QuestionQuestion: QUE_UK_HC_LEGAL_DOC_GRP:QUE_UK_HC_LEGAL_DOC_CL_4 does not exist/has not been persisted. Please check the question tableRESET
RED			-  QuestionQuestions 	internmatch:QUE_UK_HC_LEGAL_DOC_GRP:QUE_UK_HC_LEGAL_DOC_CL_3Parent Question: QUE_UK_HC_LEGAL_DOC_GRP of QuestionQuestion: QUE_UK_HC_LEGAL_DOC_GRP:QUE_UK_HC_LEGAL_DOC_CL_3 does not exist/has not been persisted. Please check the question tableRESET
RED			-  QuestionQuestions 	internmatch:QUE_UK_HC_LEGAL_DOC_GRP:QUE_UK_HC_LEGAL_DOC_CL_2Parent Question: QUE_UK_HC_LEGAL_DOC_GRP of QuestionQuestion: QUE_UK_HC_LEGAL_DOC_GRP:QUE_UK_HC_LEGAL_DOC_CL_2 does not exist/has not been persisted. Please check the question tableRESET
RED			-  QuestionQuestions 	internmatch:QUE_UK_HC_LEGAL_DOC_GRP:QUE_UK_HC_LEGAL_DOC_CL_1Parent Question: QUE_UK_HC_LEGAL_DOC_GRP of QuestionQuestion: QUE_UK_HC_LEGAL_DOC_GRP:QUE_UK_HC_LEGAL_DOC_CL_1 does not exist/has not been persisted. Please check the question tableRESET
RED			-  QuestionQuestions 	internmatch:QUE_ADD_ITEMS_GRP:QUE_ADD_INTERNSHIP_OPPORTUNITYChild Question: QUE_ADD_INTERNSHIP_OPPORTUNITY of QuestionQuestion: QUE_ADD_ITEMS_GRP:QUE_ADD_INTERNSHIP_OPPORTUNITY does not exist/has not been persisted. Please check the question tableRESET
RED			-  QuestionQuestions 	internmatch:QUE_SUPERVISOR_DETAILS_GRP:QUE_SUPERVISOR_EMAILChild Question: QUE_SUPERVISOR_EMAIL of QuestionQuestion: QUE_SUPERVISOR_DETAILS_GRP:QUE_SUPERVISOR_EMAIL does not exist/has not been persisted. Please check the question tableRESET
RED			-  QuestionQuestions 	internmatch:QUE_TEST_COMMS_GRP:QUE_TEST_COMMS_ALIAS2_CODEChild Question: QUE_TEST_COMMS_ALIAS2_CODE of QuestionQuestion: QUE_TEST_COMMS_GRP:QUE_TEST_COMMS_ALIAS2_CODE does not exist/has not been persisted. Please check the question tableRESET
RED			-  QuestionQuestions 	internmatch:QUE_TEST_COMMS_GRP:QUE_TEST_COMMS_ALIAS2_ALIASChild Question: QUE_TEST_COMMS_ALIAS2_ALIAS of QuestionQuestion: QUE_TEST_COMMS_GRP:QUE_TEST_COMMS_ALIAS2_ALIAS does not exist/has not been persisted. Please check the question tableRESET
RED			-  QuestionQuestions 	internmatch:QUE_TREE_ITEM_HCR_GRP:QUE_TREE_ITEM_HCR_WITHDRAWNParent Question: QUE_TREE_ITEM_HCR_GRP of QuestionQuestion: QUE_TREE_ITEM_HCR_GRP:QUE_TREE_ITEM_HCR_WITHDRAWN does not exist/has not been persisted. Please check the question tableRESET
RED			-  QuestionQuestions 	internmatch:QUE_INTRO_VIDEO_GRP:QUE_INTRO_VIDEOParent Question: QUE_INTRO_VIDEO_GRP of QuestionQuestion: QUE_INTRO_VIDEO_GRP:QUE_INTRO_VIDEO does not exist/has not been persisted. Please check the question tableRESET
RED			-  QuestionQuestions 	internmatch:QUE_APPLICATION_DETAILS_GRP:QUE_INTERN_NAMEChild Question: QUE_INTERN_NAME of QuestionQuestion: QUE_APPLICATION_DETAILS_GRP:QUE_INTERN_NAME does not exist/has not been persisted. Please check the question tableRESET
RED			-  QuestionQuestions 	internmatch:QUE_APPLICATION_DETAILS_GRP:QUE_INTERN_EMAILChild Question: QUE_INTERN_EMAIL of QuestionQuestion: QUE_APPLICATION_DETAILS_GRP:QUE_INTERN_EMAIL does not exist/has not been persisted. Please check the question tableRESET
RED			-  QuestionQuestions 	internmatch:QUE_TEST_COMMS_GRP:QUE_TEST_COMMS_ALIAS1_ALIASChild Question: QUE_TEST_COMMS_ALIAS1_ALIAS of QuestionQuestion: QUE_TEST_COMMS_GRP:QUE_TEST_COMMS_ALIAS1_ALIAS does not exist/has not been persisted. Please check the question tableRESET
RED			-  QuestionQuestions 	internmatch:QUE_INTERNSHIP_GRP:QUE_SELECT_TIME_ZONEChild Question: QUE_SELECT_TIME_ZONE of QuestionQuestion: QUE_INTERNSHIP_GRP:QUE_SELECT_TIME_ZONE does not exist/has not been persisted. Please check the question tableRESET
RED			-  QuestionQuestions 	internmatch:QUE_SIDEBAR_GRP:QUE_TREE_ITEM_INTERNSHIPSChild Question: QUE_TREE_ITEM_INTERNSHIPS of QuestionQuestion: QUE_SIDEBAR_GRP:QUE_TREE_ITEM_INTERNSHIPS does not exist/has not been persisted. Please check the question tableRESET
RED			-  QuestionQuestions 	internmatch:QUE_FORM_HEADER_GRP:QUE_FORM_HEADER_COMPLETIONParent Question: QUE_FORM_HEADER_GRP of QuestionQuestion: QUE_FORM_HEADER_GRP:QUE_FORM_HEADER_COMPLETION does not exist/has not been persisted. Please check the question tableRESET
RED			-  QuestionQuestions 	internmatch:QUE_EDU_PRO_REP_GRP:QUE_SELECT_TIME_ZONEChild Question: QUE_SELECT_TIME_ZONE of QuestionQuestion: QUE_EDU_PRO_REP_GRP:QUE_SELECT_TIME_ZONE does not exist/has not been persisted. Please check the question tableRESET
RED			-  QuestionQuestions 	internmatch:QUE_SELLER_PROFILE_GRP:QUE_EDIT_SELLER_GRPParent Question: QUE_SELLER_PROFILE_GRP of QuestionQuestion: QUE_SELLER_PROFILE_GRP:QUE_EDIT_SELLER_GRP does not exist/has not been persisted. Please check the question tableRESET
RED			-  QuestionQuestions 	internmatch:QUE_TREE_ITEM_CONTACTS_GRP:QUE_TREE_ITEM_HCR_GRPParent Question: QUE_TREE_ITEM_CONTACTS_GRP of QuestionQuestion: QUE_TREE_ITEM_CONTACTS_GRP:QUE_TREE_ITEM_HCR_GRP does not exist/has not been persisted. Please check the question tableRESET
RED			-  QuestionQuestions 	internmatch:QUE_TREE_ITEM_HCR_GRP:QUE_TREE_ITEM_HCR_ON_HOLDParent Question: QUE_TREE_ITEM_HCR_GRP of QuestionQuestion: QUE_TREE_ITEM_HCR_GRP:QUE_TREE_ITEM_HCR_ON_HOLD does not exist/has not been persisted. Please check the question tableRESET
RED			-  QuestionQuestions 	internmatch:QUE_TEST_COMMS_GRP:QUE_TEST_COMMS_ALIAS3_ALIASChild Question: QUE_TEST_COMMS_ALIAS3_ALIAS of QuestionQuestion: QUE_TEST_COMMS_GRP:QUE_TEST_COMMS_ALIAS3_ALIAS does not exist/has not been persisted. Please check the question tableRESET
RED			-  QuestionQuestions 	internmatch:QUE_TREE_ITEM_HCR_GRP:QUE_TREE_ITEM_HCR_ACTIVEParent Question: QUE_TREE_ITEM_HCR_GRP of QuestionQuestion: QUE_TREE_ITEM_HCR_GRP:QUE_TREE_ITEM_HCR_ACTIVE does not exist/has not been persisted. Please check the question tableRESET
RED			-  QuestionQuestions 	internmatch:QUE_ADD_ITEMS2_GRP:QUE_EDU_PRO_MENUParent Question: QUE_ADD_ITEMS2_GRP of QuestionQuestion: QUE_ADD_ITEMS2_GRP:QUE_EDU_PRO_MENU does not exist/has not been persisted. Please check the question tableRESET
GREEN	- NO Persist Errors :)RESET
/************ Load Summary END ************/RESET
